SF:/Users/thornystefansdottir/Dropbox/Skóli/Háskólinn í Reykjavík/Vorönn 2020/Lokaverkefni/Verkefni/BlazorSkraWebApp/BlazorSkraApp1/Pages/_Host.cshtml
FN:4,System.Void BlazorSkraApp1.Pages.Pages__Host/<ExecuteAsync>d__14::MoveNext()
FNDA:0,System.Void BlazorSkraApp1.Pages.Pages__Host/<ExecuteAsync>d__14::MoveNext()
DA:5,0
BRDA:5,330,0,0
BRDA:5,330,1,0
BRDA:5,768,0,0
BRDA:5,768,1,0
FN:19,System.Void BlazorSkraApp1.Pages.Pages__Host/<<ExecuteAsync>b__14_1>d::MoveNext()
FNDA:0,System.Void BlazorSkraApp1.Pages.Pages__Host/<<ExecuteAsync>b__14_1>d::MoveNext()
DA:20,0
BRDA:20,121,0,0
BRDA:20,121,1,0
BRDA:20,477,0,0
BRDA:20,477,1,0
BRDA:20,969,0,0
BRDA:20,969,1,0
BRDA:20,1461,0,0
BRDA:20,1461,1,0
LF:2
LH:0
BRF:12
BRH:0
FNF:2
FNH:0
end_of_record
SF:/Users/thornystefansdottir/Dropbox/Skóli/Háskólinn í Reykjavík/Vorönn 2020/Lokaverkefni/Verkefni/BlazorSkraWebApp/BlazorSkraApp1/Areas/Identity/Pages/Account/LogOut.cshtml
FN:6,System.Void AspNetCore.Areas_Identity_Pages_Account_LogOut/<OnPost>d__1::MoveNext()
FNDA:0,System.Void AspNetCore.Areas_Identity_Pages_Account_LogOut/<OnPost>d__1::MoveNext()
DA:7,0
DA:8,0
DA:9,0
DA:10,0
DA:11,0
DA:13,0
DA:14,0
BRDA:8,44,0,0
BRDA:8,44,1,0
LF:7
LH:0
BRF:2
BRH:0
FNF:1
FNH:0
end_of_record
SF:/Users/thornystefansdottir/Dropbox/Skóli/Háskólinn í Reykjavík/Vorönn 2020/Lokaverkefni/Verkefni/BlazorSkraWebApp/BlazorSkraApp1/Areas/Identity/Pages/Shared/_LoginPartial.cshtml
FN:6,System.Void AspNetCore.Areas_Identity_Pages_Shared__LoginPartial/<ExecuteAsync>d__19::MoveNext()
FNDA:0,System.Void AspNetCore.Areas_Identity_Pages_Shared__LoginPartial/<ExecuteAsync>d__19::MoveNext()
DA:7,0
DA:8,0
DA:17,0
DA:19,0
DA:26,0
BRDA:7,134,0,0
BRDA:8,559,0,0
BRDA:8,559,1,0
BRDA:8,1052,0,0
BRDA:8,1052,1,0
BRDA:8,1353,0,0
BRDA:8,1353,1,0
BRDA:7,134,1,0
BRDA:19,1945,0,0
BRDA:19,1945,1,0
BRDA:19,2513,0,0
BRDA:19,2513,1,0
FN:9,System.Void AspNetCore.Areas_Identity_Pages_Shared__LoginPartial/<<ExecuteAsync>b__19_0>d::MoveNext()
FNDA:0,System.Void AspNetCore.Areas_Identity_Pages_Shared__LoginPartial/<<ExecuteAsync>b__19_0>d::MoveNext()
DA:10,0
LF:6
LH:0
BRF:12
BRH:0
FNF:2
FNH:0
end_of_record
SF:/Users/thornystefansdottir/Dropbox/Skóli/Háskólinn í Reykjavík/Vorönn 2020/Lokaverkefni/Verkefni/BlazorSkraWebApp/BlazorSkraApp1/Program.cs
FN:16,System.Void BlazorSkraApp1.Program::Main(System.String[])
FNDA:0,System.Void BlazorSkraApp1.Program::Main(System.String[])
DA:17,0
DA:18,0
DA:19,0
FN:21,Microsoft.Extensions.Hosting.IHostBuilder BlazorSkraApp1.Program::CreateHostBuilder(System.String[])
FNDA:0,Microsoft.Extensions.Hosting.IHostBuilder BlazorSkraApp1.Program::CreateHostBuilder(System.String[])
DA:22,0
DA:23,0
DA:24,0
DA:25,0
DA:26,0
BRDA:22,12,0,0
BRDA:22,12,1,0
LF:8
LH:0
BRF:2
BRH:0
FNF:2
FNH:0
end_of_record
SF:/Users/thornystefansdottir/Dropbox/Skóli/Háskólinn í Reykjavík/Vorönn 2020/Lokaverkefni/Verkefni/BlazorSkraWebApp/BlazorSkraApp1/Startup.cs
FN:27,Microsoft.Extensions.Configuration.IConfiguration BlazorSkraApp1.Startup::get_Configuration()
FNDA:0,Microsoft.Extensions.Configuration.IConfiguration BlazorSkraApp1.Startup::get_Configuration()
DA:28,0
FN:32,System.Void BlazorSkraApp1.Startup::ConfigureServices(Microsoft.Extensions.DependencyInjection.IServiceCollection)
FNDA:0,System.Void BlazorSkraApp1.Startup::ConfigureServices(Microsoft.Extensions.DependencyInjection.IServiceCollection)
DA:33,0
DA:34,0
DA:35,0
DA:36,0
DA:37,0
DA:38,0
DA:39,0
DA:40,0
DA:41,0
DA:43,0
BRDA:37,29,0,0
BRDA:37,29,1,0
FN:46,System.Void BlazorSkraApp1.Startup::Configure(Microsoft.AspNetCore.Builder.IApplicationBuilder,Microsoft.AspNetCore.Hosting.IWebHostEnvironment)
FNDA:0,System.Void BlazorSkraApp1.Startup::Configure(Microsoft.AspNetCore.Builder.IApplicationBuilder,Microsoft.AspNetCore.Hosting.IWebHostEnvironment)
DA:47,0
DA:48,0
DA:49,0
DA:50,0
DA:51,0
DA:52,0
DA:54,0
DA:55,0
DA:57,0
DA:58,0
DA:60,0
DA:61,0
DA:63,0
DA:65,0
DA:66,0
DA:68,0
DA:69,0
DA:70,0
DA:71,0
DA:72,0
DA:73,0
DA:74,0
BRDA:48,9,0,0
BRDA:48,9,1,0
BRDA:68,92,0,0
BRDA:68,92,1,0
FN:22,System.Void BlazorSkraApp1.Startup::.ctor(Microsoft.Extensions.Configuration.IConfiguration)
FNDA:0,System.Void BlazorSkraApp1.Startup::.ctor(Microsoft.Extensions.Configuration.IConfiguration)
DA:23,0
DA:24,0
DA:25,0
DA:26,0
LF:37
LH:0
BRF:6
BRH:0
FNF:4
FNH:0
end_of_record
SF:/Users/thornystefansdottir/Dropbox/Skóli/Háskólinn í Reykjavík/Vorönn 2020/Lokaverkefni/Verkefni/BlazorSkraWebApp/BlazorSkraApp1/Pages/Counter.razor
FN:12,System.Void BlazorSkraApp1.Pages.Counter::IncrementCount()
FNDA:0,System.Void BlazorSkraApp1.Pages.Counter::IncrementCount()
DA:13,0
DA:14,0
DA:15,0
FN:9,System.Void BlazorSkraApp1.Pages.Counter::.ctor()
FNDA:0,System.Void BlazorSkraApp1.Pages.Counter::.ctor()
DA:10,0
LF:4
LH:0
BRF:0
BRH:0
FNF:2
FNH:0
end_of_record
SF:/Users/thornystefansdottir/Dropbox/Skóli/Háskólinn í Reykjavík/Vorönn 2020/Lokaverkefni/Verkefni/BlazorSkraWebApp/BlazorSkraApp1/Pages/Index.razor
FN:19,System.Void BlazorSkraApp1.Pages.Index::BuildRenderTree(Microsoft.AspNetCore.Components.Rendering.RenderTreeBuilder)
FNDA:0,System.Void BlazorSkraApp1.Pages.Index::BuildRenderTree(Microsoft.AspNetCore.Components.Rendering.RenderTreeBuilder)
DA:20,0
DA:21,0
DA:41,0
BRDA:20,135,0,0
BRDA:20,135,1,0
FN:45,System.Void BlazorSkraApp1.Pages.Index::AddCategory()
FNDA:0,System.Void BlazorSkraApp1.Pages.Index::AddCategory()
DA:46,0
DA:47,0
DA:48,0
FN:49,System.Void BlazorSkraApp1.Pages.Index::Cancel()
FNDA:0,System.Void BlazorSkraApp1.Pages.Index::Cancel()
DA:50,0
DA:51,0
DA:52,0
FN:43,System.Void BlazorSkraApp1.Pages.Index::.ctor()
FNDA:0,System.Void BlazorSkraApp1.Pages.Index::.ctor()
DA:44,0
LF:10
LH:0
BRF:2
BRH:0
FNF:4
FNH:0
end_of_record
SF:/Users/thornystefansdottir/Dropbox/Skóli/Háskólinn í Reykjavík/Vorönn 2020/Lokaverkefni/Verkefni/BlazorSkraWebApp/BlazorSkraApp1/Pages/UserList.razor
FN:27,System.Void BlazorSkraApp1.Pages.UserList::CreateAdmin()
FNDA:0,System.Void BlazorSkraApp1.Pages.UserList::CreateAdmin()
DA:28,0
DA:30,0
LF:2
LH:0
BRF:0
BRH:0
FNF:1
FNH:0
end_of_record
SF:/Users/thornystefansdottir/Dropbox/Skóli/Háskólinn í Reykjavík/Vorönn 2020/Lokaverkefni/Verkefni/BlazorSkraWebApp/BlazorSkraApp1/Data/ApplicationDbContext.cs
FN:11,System.Void BlazorSkraApp1.Data.ApplicationDbContext::.ctor(Microsoft.EntityFrameworkCore.DbContextOptions`1<BlazorSkraApp1.Data.ApplicationDbContext>)
FNDA:0,System.Void BlazorSkraApp1.Data.ApplicationDbContext::.ctor(Microsoft.EntityFrameworkCore.DbContextOptions`1<BlazorSkraApp1.Data.ApplicationDbContext>)
DA:12,0
DA:13,0
DA:14,0
LF:3
LH:0
BRF:0
BRH:0
FNF:1
FNH:0
end_of_record
SF:/Users/thornystefansdottir/Dropbox/Skóli/Háskólinn í Reykjavík/Vorönn 2020/Lokaverkefni/Verkefni/BlazorSkraWebApp/BlazorSkraApp1/Data/Bought.cs
FN:6,BlazorSkraApp1.Data.User BlazorSkraApp1.Data.Bought::get_MadeBy()
FNDA:0,BlazorSkraApp1.Data.User BlazorSkraApp1.Data.Bought::get_MadeBy()
DA:7,0
FN:8,System.Boolean BlazorSkraApp1.Data.Bought::IsBoughtBy(BlazorSkraApp1.Data.User)
FNDA:1,System.Boolean BlazorSkraApp1.Data.Bought::IsBoughtBy(BlazorSkraApp1.Data.User)
DA:9,1
DA:10,1
DA:11,1
DA:13,0
DA:14,0
DA:16,0
DA:17,1
BRDA:10,9,0,1
BRDA:10,9,1,0
BRDA:13,26,0,0
BRDA:13,26,1,0
FN:21,System.Boolean BlazorSkraApp1.Data.User::get_customer()
FNDA:2,System.Boolean BlazorSkraApp1.Data.User::get_customer()
DA:22,2
LF:9
LH:5
BRF:4
BRH:1
FNF:3
FNH:2
end_of_record
SF:/Users/thornystefansdottir/Dropbox/Skóli/Háskólinn í Reykjavík/Vorönn 2020/Lokaverkefni/Verkefni/BlazorSkraWebApp/BlazorSkraApp1/Data/Migrations/00000000000000_CreateIdentitySchema.cs
FN:9,System.Void BlazorSkraApp1.Data.Migrations.CreateIdentitySchema::Up(Microsoft.EntityFrameworkCore.Migrations.MigrationBuilder)
FNDA:0,System.Void BlazorSkraApp1.Data.Migrations.CreateIdentitySchema::Up(Microsoft.EntityFrameworkCore.Migrations.MigrationBuilder)
DA:10,0
DA:11,0
DA:12,0
DA:13,0
DA:14,0
DA:15,0
DA:16,0
DA:17,0
DA:18,0
DA:19,0
DA:20,0
DA:21,0
DA:22,0
DA:23,0
DA:25,0
DA:26,0
DA:27,0
DA:28,0
DA:29,0
DA:30,0
DA:31,0
DA:32,0
DA:33,0
DA:34,0
DA:35,0
DA:36,0
DA:37,0
DA:38,0
DA:39,0
DA:40,0
DA:41,0
DA:42,0
DA:43,0
DA:44,0
DA:45,0
DA:46,0
DA:47,0
DA:48,0
DA:50,0
DA:51,0
DA:52,0
DA:53,0
DA:54,0
DA:55,0
DA:56,0
DA:57,0
DA:58,0
DA:59,0
DA:60,0
DA:61,0
DA:62,0
DA:63,0
DA:64,0
DA:65,0
DA:66,0
DA:67,0
DA:68,0
DA:69,0
DA:71,0
DA:72,0
DA:73,0
DA:74,0
DA:75,0
DA:76,0
DA:77,0
DA:78,0
DA:79,0
DA:80,0
DA:81,0
DA:82,0
DA:83,0
DA:84,0
DA:85,0
DA:86,0
DA:87,0
DA:88,0
DA:89,0
DA:90,0
DA:92,0
DA:93,0
DA:94,0
DA:95,0
DA:96,0
DA:97,0
DA:98,0
DA:99,0
DA:100,0
DA:101,0
DA:102,0
DA:103,0
DA:104,0
DA:105,0
DA:106,0
DA:107,0
DA:108,0
DA:109,0
DA:110,0
DA:112,0
DA:113,0
DA:114,0
DA:115,0
DA:116,0
DA:117,0
DA:118,0
DA:119,0
DA:120,0
DA:121,0
DA:122,0
DA:123,0
DA:124,0
DA:125,0
DA:126,0
DA:127,0
DA:128,0
DA:129,0
DA:130,0
DA:131,0
DA:132,0
DA:133,0
DA:134,0
DA:136,0
DA:137,0
DA:138,0
DA:139,0
DA:140,0
DA:141,0
DA:142,0
DA:143,0
DA:144,0
DA:145,0
DA:146,0
DA:147,0
DA:148,0
DA:149,0
DA:150,0
DA:151,0
DA:152,0
DA:153,0
DA:154,0
DA:156,0
DA:157,0
DA:158,0
DA:159,0
DA:161,0
DA:162,0
DA:163,0
DA:164,0
DA:165,0
DA:166,0
DA:168,0
DA:169,0
DA:170,0
DA:171,0
DA:173,0
DA:174,0
DA:175,0
DA:176,0
DA:178,0
DA:179,0
DA:180,0
DA:181,0
DA:183,0
DA:184,0
DA:185,0
DA:186,0
DA:188,0
DA:189,0
DA:190,0
DA:191,0
DA:192,0
DA:193,0
DA:194,0
BRDA:11,13,0,0
BRDA:11,13,1,0
BRDA:11,45,0,0
BRDA:11,45,1,0
BRDA:25,89,0,0
BRDA:25,89,1,0
BRDA:25,121,0,0
BRDA:25,121,1,0
BRDA:50,165,0,0
BRDA:50,165,1,0
BRDA:50,197,0,0
BRDA:50,197,1,0
BRDA:71,241,0,0
BRDA:71,241,1,0
BRDA:71,273,0,0
BRDA:71,273,1,0
BRDA:92,317,0,0
BRDA:92,317,1,0
BRDA:92,349,0,0
BRDA:92,349,1,0
BRDA:112,393,0,0
BRDA:112,393,1,0
BRDA:112,425,0,0
BRDA:112,425,1,0
BRDA:136,469,0,0
BRDA:136,469,1,0
BRDA:136,501,0,0
BRDA:136,501,1,0
FN:196,System.Void BlazorSkraApp1.Data.Migrations.CreateIdentitySchema::Down(Microsoft.EntityFrameworkCore.Migrations.MigrationBuilder)
FNDA:0,System.Void BlazorSkraApp1.Data.Migrations.CreateIdentitySchema::Down(Microsoft.EntityFrameworkCore.Migrations.MigrationBuilder)
DA:197,0
DA:198,0
DA:199,0
DA:201,0
DA:202,0
DA:204,0
DA:205,0
DA:207,0
DA:208,0
DA:210,0
DA:211,0
DA:213,0
DA:214,0
DA:216,0
DA:217,0
DA:218,0
LF:188
LH:0
BRF:28
BRH:0
FNF:2
FNH:0
end_of_record
SF:/Users/thornystefansdottir/Dropbox/Skóli/Háskólinn í Reykjavík/Vorönn 2020/Lokaverkefni/Verkefni/BlazorSkraWebApp/BlazorSkraApp1/Data/Migrations/00000000000000_CreateIdentitySchema.Designer.cs
FN:16,System.Void BlazorSkraApp1.Data.Migrations.CreateIdentitySchema::BuildTargetModel(Microsoft.EntityFrameworkCore.ModelBuilder)
FNDA:0,System.Void BlazorSkraApp1.Data.Migrations.CreateIdentitySchema::BuildTargetModel(Microsoft.EntityFrameworkCore.ModelBuilder)
DA:17,0
DA:19,0
DA:20,0
DA:21,0
DA:22,0
DA:24,0
DA:25,0
DA:26,0
DA:27,0
DA:28,0
DA:29,0
DA:30,0
DA:31,0
DA:32,0
DA:33,0
DA:34,0
DA:35,0
DA:36,0
DA:37,0
DA:38,0
DA:39,0
DA:40,0
DA:41,0
DA:42,0
DA:43,0
DA:44,0
DA:45,0
DA:46,0
DA:47,0
DA:48,0
DA:49,0
DA:51,0
DA:52,0
DA:53,0
DA:54,0
DA:55,0
DA:56,0
DA:57,0
DA:58,0
DA:59,0
DA:60,0
DA:61,0
DA:62,0
DA:63,0
DA:64,0
DA:65,0
DA:66,0
DA:67,0
DA:68,0
DA:69,0
DA:70,0
DA:71,0
DA:72,0
DA:73,0
DA:75,0
DA:76,0
DA:77,0
DA:78,0
DA:79,0
DA:80,0
DA:81,0
DA:82,0
DA:83,0
DA:84,0
DA:85,0
DA:86,0
DA:87,0
DA:88,0
DA:89,0
DA:90,0
DA:91,0
DA:92,0
DA:93,0
DA:94,0
DA:95,0
DA:96,0
DA:97,0
DA:98,0
DA:99,0
DA:100,0
DA:101,0
DA:102,0
DA:103,0
DA:104,0
DA:105,0
DA:106,0
DA:107,0
DA:108,0
DA:109,0
DA:110,0
DA:111,0
DA:112,0
DA:113,0
DA:114,0
DA:115,0
DA:116,0
DA:117,0
DA:118,0
DA:119,0
DA:120,0
DA:121,0
DA:122,0
DA:123,0
DA:124,0
DA:125,0
DA:126,0
DA:127,0
DA:128,0
DA:129,0
DA:130,0
DA:131,0
DA:132,0
DA:133,0
DA:134,0
DA:135,0
DA:136,0
DA:137,0
DA:138,0
DA:140,0
DA:141,0
DA:142,0
DA:143,0
DA:144,0
DA:145,0
DA:146,0
DA:147,0
DA:148,0
DA:149,0
DA:150,0
DA:151,0
DA:152,0
DA:153,0
DA:154,0
DA:155,0
DA:156,0
DA:157,0
DA:158,0
DA:159,0
DA:160,0
DA:161,0
DA:162,0
DA:164,0
DA:165,0
DA:166,0
DA:167,0
DA:168,0
DA:169,0
DA:170,0
DA:171,0
DA:172,0
DA:173,0
DA:174,0
DA:175,0
DA:176,0
DA:177,0
DA:178,0
DA:179,0
DA:180,0
DA:181,0
DA:182,0
DA:183,0
DA:184,0
DA:185,0
DA:186,0
DA:188,0
DA:189,0
DA:190,0
DA:191,0
DA:192,0
DA:193,0
DA:194,0
DA:195,0
DA:196,0
DA:197,0
DA:198,0
DA:199,0
DA:200,0
DA:201,0
DA:203,0
DA:204,0
DA:205,0
DA:206,0
DA:207,0
DA:208,0
DA:209,0
DA:210,0
DA:211,0
DA:212,0
DA:213,0
DA:214,0
DA:215,0
DA:216,0
DA:217,0
DA:218,0
DA:219,0
DA:220,0
DA:221,0
DA:222,0
DA:224,0
DA:225,0
DA:226,0
DA:227,0
DA:228,0
DA:229,0
DA:230,0
DA:231,0
DA:233,0
DA:234,0
DA:235,0
DA:236,0
DA:237,0
DA:238,0
DA:239,0
DA:240,0
DA:242,0
DA:243,0
DA:244,0
DA:245,0
DA:246,0
DA:247,0
DA:248,0
DA:249,0
DA:251,0
DA:252,0
DA:253,0
DA:254,0
DA:255,0
DA:256,0
DA:257,0
DA:258,0
DA:259,0
DA:260,0
DA:261,0
DA:262,0
DA:263,0
DA:264,0
DA:266,0
DA:267,0
DA:268,0
DA:269,0
DA:270,0
DA:271,0
DA:272,0
DA:273,0
DA:275,0
BRDA:24,66,0,0
BRDA:24,66,1,0
BRDA:51,109,0,0
BRDA:51,109,1,0
BRDA:75,152,0,0
BRDA:75,152,1,0
BRDA:140,195,0,0
BRDA:140,195,1,0
BRDA:164,238,0,0
BRDA:164,238,1,0
BRDA:188,281,0,0
BRDA:188,281,1,0
BRDA:203,324,0,0
BRDA:203,324,1,0
BRDA:224,367,0,0
BRDA:224,367,1,0
BRDA:233,410,0,0
BRDA:233,410,1,0
BRDA:242,453,0,0
BRDA:242,453,1,0
BRDA:251,496,0,0
BRDA:251,496,1,0
BRDA:266,539,0,0
BRDA:266,539,1,0
LF:245
LH:0
BRF:24
BRH:0
FNF:1
FNH:0
end_of_record
SF:/Users/thornystefansdottir/Dropbox/Skóli/Háskólinn í Reykjavík/Vorönn 2020/Lokaverkefni/Verkefni/BlazorSkraWebApp/BlazorSkraApp1/Data/Migrations/20200210140152_Initial.cs
FN:7,System.Void BlazorSkraApp1.Data.Migrations.Initial::Up(Microsoft.EntityFrameworkCore.Migrations.MigrationBuilder)
FNDA:0,System.Void BlazorSkraApp1.Data.Migrations.Initial::Up(Microsoft.EntityFrameworkCore.Migrations.MigrationBuilder)
DA:8,0
DA:10,0
FN:12,System.Void BlazorSkraApp1.Data.Migrations.Initial::Down(Microsoft.EntityFrameworkCore.Migrations.MigrationBuilder)
FNDA:0,System.Void BlazorSkraApp1.Data.Migrations.Initial::Down(Microsoft.EntityFrameworkCore.Migrations.MigrationBuilder)
DA:13,0
DA:15,0
LF:4
LH:0
BRF:0
BRH:0
FNF:2
FNH:0
end_of_record
SF:/Users/thornystefansdottir/Dropbox/Skóli/Háskólinn í Reykjavík/Vorönn 2020/Lokaverkefni/Verkefni/BlazorSkraWebApp/BlazorSkraApp1/Data/Migrations/20200210140152_Initial.Designer.cs
FN:16,System.Void BlazorSkraApp1.Data.Migrations.Initial::BuildTargetModel(Microsoft.EntityFrameworkCore.ModelBuilder)
FNDA:0,System.Void BlazorSkraApp1.Data.Migrations.Initial::BuildTargetModel(Microsoft.EntityFrameworkCore.ModelBuilder)
DA:17,0
DA:19,0
DA:20,0
DA:21,0
DA:22,0
DA:24,0
DA:25,0
DA:26,0
DA:27,0
DA:28,0
DA:29,0
DA:30,0
DA:31,0
DA:32,0
DA:33,0
DA:34,0
DA:35,0
DA:36,0
DA:37,0
DA:38,0
DA:39,0
DA:40,0
DA:41,0
DA:42,0
DA:43,0
DA:44,0
DA:45,0
DA:46,0
DA:47,0
DA:48,0
DA:49,0
DA:51,0
DA:52,0
DA:53,0
DA:54,0
DA:55,0
DA:56,0
DA:57,0
DA:58,0
DA:59,0
DA:60,0
DA:61,0
DA:62,0
DA:63,0
DA:64,0
DA:65,0
DA:66,0
DA:67,0
DA:68,0
DA:69,0
DA:70,0
DA:71,0
DA:72,0
DA:73,0
DA:75,0
DA:76,0
DA:77,0
DA:78,0
DA:79,0
DA:80,0
DA:81,0
DA:82,0
DA:83,0
DA:84,0
DA:85,0
DA:86,0
DA:87,0
DA:88,0
DA:89,0
DA:90,0
DA:91,0
DA:92,0
DA:93,0
DA:94,0
DA:95,0
DA:96,0
DA:97,0
DA:98,0
DA:99,0
DA:100,0
DA:101,0
DA:102,0
DA:103,0
DA:104,0
DA:105,0
DA:106,0
DA:107,0
DA:108,0
DA:109,0
DA:110,0
DA:111,0
DA:112,0
DA:113,0
DA:114,0
DA:115,0
DA:116,0
DA:117,0
DA:118,0
DA:119,0
DA:120,0
DA:121,0
DA:122,0
DA:123,0
DA:124,0
DA:125,0
DA:126,0
DA:127,0
DA:128,0
DA:129,0
DA:130,0
DA:131,0
DA:132,0
DA:133,0
DA:134,0
DA:135,0
DA:136,0
DA:137,0
DA:138,0
DA:140,0
DA:141,0
DA:142,0
DA:143,0
DA:144,0
DA:145,0
DA:146,0
DA:147,0
DA:148,0
DA:149,0
DA:150,0
DA:151,0
DA:152,0
DA:153,0
DA:154,0
DA:155,0
DA:156,0
DA:157,0
DA:158,0
DA:159,0
DA:160,0
DA:161,0
DA:162,0
DA:164,0
DA:165,0
DA:166,0
DA:167,0
DA:168,0
DA:169,0
DA:170,0
DA:171,0
DA:172,0
DA:173,0
DA:174,0
DA:175,0
DA:176,0
DA:177,0
DA:178,0
DA:179,0
DA:180,0
DA:181,0
DA:182,0
DA:183,0
DA:184,0
DA:185,0
DA:186,0
DA:188,0
DA:189,0
DA:190,0
DA:191,0
DA:192,0
DA:193,0
DA:194,0
DA:195,0
DA:196,0
DA:197,0
DA:198,0
DA:199,0
DA:200,0
DA:201,0
DA:203,0
DA:204,0
DA:205,0
DA:206,0
DA:207,0
DA:208,0
DA:209,0
DA:210,0
DA:211,0
DA:212,0
DA:213,0
DA:214,0
DA:215,0
DA:216,0
DA:217,0
DA:218,0
DA:219,0
DA:220,0
DA:221,0
DA:222,0
DA:224,0
DA:225,0
DA:226,0
DA:227,0
DA:228,0
DA:229,0
DA:230,0
DA:231,0
DA:233,0
DA:234,0
DA:235,0
DA:236,0
DA:237,0
DA:238,0
DA:239,0
DA:240,0
DA:242,0
DA:243,0
DA:244,0
DA:245,0
DA:246,0
DA:247,0
DA:248,0
DA:249,0
DA:251,0
DA:252,0
DA:253,0
DA:254,0
DA:255,0
DA:256,0
DA:257,0
DA:258,0
DA:259,0
DA:260,0
DA:261,0
DA:262,0
DA:263,0
DA:264,0
DA:266,0
DA:267,0
DA:268,0
DA:269,0
DA:270,0
DA:271,0
DA:272,0
DA:273,0
DA:275,0
BRDA:24,66,0,0
BRDA:24,66,1,0
BRDA:51,109,0,0
BRDA:51,109,1,0
BRDA:75,152,0,0
BRDA:75,152,1,0
BRDA:140,195,0,0
BRDA:140,195,1,0
BRDA:164,238,0,0
BRDA:164,238,1,0
BRDA:188,281,0,0
BRDA:188,281,1,0
BRDA:203,324,0,0
BRDA:203,324,1,0
BRDA:224,367,0,0
BRDA:224,367,1,0
BRDA:233,410,0,0
BRDA:233,410,1,0
BRDA:242,453,0,0
BRDA:242,453,1,0
BRDA:251,496,0,0
BRDA:251,496,1,0
BRDA:266,539,0,0
BRDA:266,539,1,0
LF:245
LH:0
BRF:24
BRH:0
FNF:1
FNH:0
end_of_record
SF:/Users/thornystefansdottir/Dropbox/Skóli/Háskólinn í Reykjavík/Vorönn 2020/Lokaverkefni/Verkefni/BlazorSkraWebApp/BlazorSkraApp1/Data/Migrations/ApplicationDbContextModelSnapshot.cs
FN:14,System.Void BlazorSkraApp1.Data.Migrations.ApplicationDbContextModelSnapshot::BuildModel(Microsoft.EntityFrameworkCore.ModelBuilder)
FNDA:0,System.Void BlazorSkraApp1.Data.Migrations.ApplicationDbContextModelSnapshot::BuildModel(Microsoft.EntityFrameworkCore.ModelBuilder)
DA:15,0
DA:17,0
DA:18,0
DA:19,0
DA:20,0
DA:22,0
DA:23,0
DA:24,0
DA:25,0
DA:26,0
DA:27,0
DA:28,0
DA:29,0
DA:30,0
DA:31,0
DA:32,0
DA:33,0
DA:34,0
DA:35,0
DA:36,0
DA:37,0
DA:38,0
DA:39,0
DA:40,0
DA:41,0
DA:42,0
DA:43,0
DA:44,0
DA:45,0
DA:46,0
DA:47,0
DA:49,0
DA:50,0
DA:51,0
DA:52,0
DA:53,0
DA:54,0
DA:55,0
DA:56,0
DA:57,0
DA:58,0
DA:59,0
DA:60,0
DA:61,0
DA:62,0
DA:63,0
DA:64,0
DA:65,0
DA:66,0
DA:67,0
DA:68,0
DA:69,0
DA:70,0
DA:71,0
DA:73,0
DA:74,0
DA:75,0
DA:76,0
DA:77,0
DA:78,0
DA:79,0
DA:80,0
DA:81,0
DA:82,0
DA:83,0
DA:84,0
DA:85,0
DA:86,0
DA:87,0
DA:88,0
DA:89,0
DA:90,0
DA:91,0
DA:92,0
DA:93,0
DA:94,0
DA:95,0
DA:96,0
DA:97,0
DA:98,0
DA:99,0
DA:100,0
DA:101,0
DA:102,0
DA:103,0
DA:104,0
DA:105,0
DA:106,0
DA:107,0
DA:108,0
DA:109,0
DA:110,0
DA:111,0
DA:112,0
DA:113,0
DA:114,0
DA:115,0
DA:116,0
DA:117,0
DA:118,0
DA:119,0
DA:120,0
DA:121,0
DA:122,0
DA:123,0
DA:124,0
DA:125,0
DA:126,0
DA:127,0
DA:128,0
DA:129,0
DA:130,0
DA:131,0
DA:132,0
DA:133,0
DA:134,0
DA:135,0
DA:136,0
DA:138,0
DA:139,0
DA:140,0
DA:141,0
DA:142,0
DA:143,0
DA:144,0
DA:145,0
DA:146,0
DA:147,0
DA:148,0
DA:149,0
DA:150,0
DA:151,0
DA:152,0
DA:153,0
DA:154,0
DA:155,0
DA:156,0
DA:157,0
DA:158,0
DA:159,0
DA:160,0
DA:162,0
DA:163,0
DA:164,0
DA:165,0
DA:166,0
DA:167,0
DA:168,0
DA:169,0
DA:170,0
DA:171,0
DA:172,0
DA:173,0
DA:174,0
DA:175,0
DA:176,0
DA:177,0
DA:178,0
DA:179,0
DA:180,0
DA:181,0
DA:182,0
DA:183,0
DA:184,0
DA:186,0
DA:187,0
DA:188,0
DA:189,0
DA:190,0
DA:191,0
DA:192,0
DA:193,0
DA:194,0
DA:195,0
DA:196,0
DA:197,0
DA:198,0
DA:199,0
DA:201,0
DA:202,0
DA:203,0
DA:204,0
DA:205,0
DA:206,0
DA:207,0
DA:208,0
DA:209,0
DA:210,0
DA:211,0
DA:212,0
DA:213,0
DA:214,0
DA:215,0
DA:216,0
DA:217,0
DA:218,0
DA:219,0
DA:220,0
DA:222,0
DA:223,0
DA:224,0
DA:225,0
DA:226,0
DA:227,0
DA:228,0
DA:229,0
DA:231,0
DA:232,0
DA:233,0
DA:234,0
DA:235,0
DA:236,0
DA:237,0
DA:238,0
DA:240,0
DA:241,0
DA:242,0
DA:243,0
DA:244,0
DA:245,0
DA:246,0
DA:247,0
DA:249,0
DA:250,0
DA:251,0
DA:252,0
DA:253,0
DA:254,0
DA:255,0
DA:256,0
DA:257,0
DA:258,0
DA:259,0
DA:260,0
DA:261,0
DA:262,0
DA:264,0
DA:265,0
DA:266,0
DA:267,0
DA:268,0
DA:269,0
DA:270,0
DA:271,0
DA:273,0
BRDA:22,66,0,0
BRDA:22,66,1,0
BRDA:49,109,0,0
BRDA:49,109,1,0
BRDA:73,152,0,0
BRDA:73,152,1,0
BRDA:138,195,0,0
BRDA:138,195,1,0
BRDA:162,238,0,0
BRDA:162,238,1,0
BRDA:186,281,0,0
BRDA:186,281,1,0
BRDA:201,324,0,0
BRDA:201,324,1,0
BRDA:222,367,0,0
BRDA:222,367,1,0
BRDA:231,410,0,0
BRDA:231,410,1,0
BRDA:240,453,0,0
BRDA:240,453,1,0
BRDA:249,496,0,0
BRDA:249,496,1,0
BRDA:264,539,0,0
BRDA:264,539,1,0
LF:245
LH:0
BRF:24
BRH:0
FNF:1
FNH:0
end_of_record
SF:/Users/thornystefansdottir/Dropbox/Skóli/Háskólinn í Reykjavík/Vorönn 2020/Lokaverkefni/Verkefni/BlazorSkraWebApp/BlazorSkraApp1/Areas/Identity/RevalidatingIdentityAuthenticationStateProvider.cs
FN:30,System.TimeSpan BlazorSkraApp1.Areas.Identity.RevalidatingIdentityAuthenticationStateProvider`1::get_RevalidationInterval()
FNDA:0,System.TimeSpan BlazorSkraApp1.Areas.Identity.RevalidatingIdentityAuthenticationStateProvider`1::get_RevalidationInterval()
DA:31,0
FN:24,System.Void BlazorSkraApp1.Areas.Identity.RevalidatingIdentityAuthenticationStateProvider`1::.ctor(Microsoft.Extensions.Logging.ILoggerFactory,Microsoft.Extensions.DependencyInjection.IServiceScopeFactory,Microsoft.Extensions.Options.IOptions`1<Microsoft.AspNetCore.Identity.IdentityOptions>)
FNDA:0,System.Void BlazorSkraApp1.Areas.Identity.RevalidatingIdentityAuthenticationStateProvider`1::.ctor(Microsoft.Extensions.Logging.ILoggerFactory,Microsoft.Extensions.DependencyInjection.IServiceScopeFactory,Microsoft.Extensions.Options.IOptions`1<Microsoft.AspNetCore.Identity.IdentityOptions>)
DA:25,0
DA:26,0
DA:27,0
DA:28,0
DA:29,0
FN:34,System.Void BlazorSkraApp1.Areas.Identity.RevalidatingIdentityAuthenticationStateProvider`1/<ValidateAuthenticationStateAsync>d__5::MoveNext()
FNDA:0,System.Void BlazorSkraApp1.Areas.Identity.RevalidatingIdentityAuthenticationStateProvider`1/<ValidateAuthenticationStateAsync>d__5::MoveNext()
DA:35,0
DA:37,0
DA:39,0
DA:40,0
DA:41,0
DA:44,0
DA:45,0
DA:46,0
DA:47,0
DA:48,0
DA:50,0
DA:51,0
DA:52,0
DA:53,0
DA:54,0
BRDA:35,14,0,0
BRDA:37,64,0,0
BRDA:37,64,1,0
BRDA:45,282,0,0
BRDA:47,314,0,0
BRDA:35,14,1,0
BRDA:47,314,1,0
BRDA:45,282,1,0
BRDA:53,428,0,0
BRDA:53,441,0,0
BRDA:53,441,1,0
BRDA:53,428,1,0
BRDA:53,470,1,0
BRDA:53,470,0,0
FN:56,System.Void BlazorSkraApp1.Areas.Identity.RevalidatingIdentityAuthenticationStateProvider`1/<ValidateSecurityStampAsync>d__6::MoveNext()
FNDA:0,System.Void BlazorSkraApp1.Areas.Identity.RevalidatingIdentityAuthenticationStateProvider`1/<ValidateSecurityStampAsync>d__6::MoveNext()
DA:57,0
DA:58,0
DA:59,0
DA:60,0
DA:61,0
DA:63,0
DA:64,0
DA:65,0
DA:68,0
DA:69,0
DA:70,0
DA:71,0
DA:73,0
BRDA:57,14,0,0
BRDA:59,180,0,0
BRDA:59,180,1,0
BRDA:63,208,0,0
BRDA:63,208,1,0
BRDA:57,14,1,0
LF:34
LH:0
BRF:20
BRH:0
FNF:4
FNH:0
end_of_record