SF:/Users/thornystefansdottir/Desktop/Verkefni/BlazorSkraWebApp/BlazorSkraApp1/Pages/_Host.cshtml
FN:4,System.Void BlazorSkraApp1.Pages.Pages__Host/<ExecuteAsync>d__17::MoveNext()
FNDA:0,System.Void BlazorSkraApp1.Pages.Pages__Host/<ExecuteAsync>d__17::MoveNext()
DA:5,0
BRDA:5,330,0,0
BRDA:5,330,1,0
BRDA:5,768,0,0
BRDA:5,768,1,0
FN:23,System.Void BlazorSkraApp1.Pages.Pages__Host/<<ExecuteAsync>b__17_1>d::MoveNext()
FNDA:0,System.Void BlazorSkraApp1.Pages.Pages__Host/<<ExecuteAsync>b__17_1>d::MoveNext()
DA:24,0
BRDA:24,139,0,0
BRDA:24,139,1,0
BRDA:24,495,0,0
BRDA:24,495,1,0
BRDA:24,987,0,0
BRDA:24,987,1,0
BRDA:24,1479,0,0
BRDA:24,1479,1,0
BRDA:24,1765,0,0
BRDA:24,1765,1,0
BRDA:24,2020,0,0
BRDA:24,2020,1,0
LF:2
LH:0
BRF:16
BRH:0
FNF:2
FNH:0
end_of_record
SF:/Users/thornystefansdottir/Desktop/Verkefni/BlazorSkraWebApp/BlazorSkraApp1/Areas/Identity/Pages/Account/LogOut.cshtml
FN:6,System.Void AspNetCore.Areas_Identity_Pages_Account_LogOut/<OnPost>d__1::MoveNext()
FNDA:0,System.Void AspNetCore.Areas_Identity_Pages_Account_LogOut/<OnPost>d__1::MoveNext()
DA:7,0
DA:8,0
DA:9,0
DA:10,0
DA:11,0
DA:13,0
DA:14,0
BRDA:8,44,0,0
BRDA:8,44,1,0
LF:7
LH:0
BRF:2
BRH:0
FNF:1
FNH:0
end_of_record
SF:/Users/thornystefansdottir/Desktop/Verkefni/BlazorSkraWebApp/BlazorSkraApp1/Areas/Identity/Pages/Shared/_LoginPartial.cshtml
FN:6,System.Void AspNetCore.Areas_Identity_Pages_Shared__LoginPartial/<ExecuteAsync>d__19::MoveNext()
FNDA:0,System.Void AspNetCore.Areas_Identity_Pages_Shared__LoginPartial/<ExecuteAsync>d__19::MoveNext()
DA:7,0
DA:8,0
DA:17,0
DA:19,0
DA:26,0
BRDA:7,134,0,0
BRDA:8,559,0,0
BRDA:8,559,1,0
BRDA:8,1052,0,0
BRDA:8,1052,1,0
BRDA:8,1353,0,0
BRDA:8,1353,1,0
BRDA:7,134,1,0
BRDA:19,1945,0,0
BRDA:19,1945,1,0
BRDA:19,2513,0,0
BRDA:19,2513,1,0
FN:9,System.Void AspNetCore.Areas_Identity_Pages_Shared__LoginPartial/<<ExecuteAsync>b__19_0>d::MoveNext()
FNDA:0,System.Void AspNetCore.Areas_Identity_Pages_Shared__LoginPartial/<<ExecuteAsync>b__19_0>d::MoveNext()
DA:10,0
LF:6
LH:0
BRF:12
BRH:0
FNF:2
FNH:0
end_of_record
SF:/Users/thornystefansdottir/Desktop/Verkefni/BlazorSkraWebApp/BlazorSkraApp1/Program.cs
FN:17,System.Void BlazorSkraApp1.Program::Main(System.String[])
FNDA:0,System.Void BlazorSkraApp1.Program::Main(System.String[])
DA:18,0
DA:19,0
DA:20,0
DA:21,0
DA:22,0
DA:23,0
DA:25,0
DA:26,0
FN:27,Microsoft.Extensions.Hosting.IHostBuilder BlazorSkraApp1.Program::CreateHostBuilder(System.String[])
FNDA:0,Microsoft.Extensions.Hosting.IHostBuilder BlazorSkraApp1.Program::CreateHostBuilder(System.String[])
DA:28,0
DA:29,0
DA:30,0
DA:31,0
DA:32,0
DA:33,0
BRDA:28,20,0,0
BRDA:28,20,1,0
LF:14
LH:0
BRF:2
BRH:0
FNF:2
FNH:0
end_of_record
SF:/Users/thornystefansdottir/Desktop/Verkefni/BlazorSkraWebApp/BlazorSkraApp1/Startup.cs
FN:28,Microsoft.Extensions.Configuration.IConfiguration BlazorSkraApp1.Startup::get_Configuration()
FNDA:0,Microsoft.Extensions.Configuration.IConfiguration BlazorSkraApp1.Startup::get_Configuration()
DA:29,0
FN:33,System.Void BlazorSkraApp1.Startup::ConfigureServices(Microsoft.Extensions.DependencyInjection.IServiceCollection)
FNDA:0,System.Void BlazorSkraApp1.Startup::ConfigureServices(Microsoft.Extensions.DependencyInjection.IServiceCollection)
DA:34,0
DA:35,0
DA:36,0
DA:37,0
DA:38,0
DA:39,0
DA:40,0
DA:41,0
DA:42,0
DA:43,0
DA:44,0
DA:45,0
DA:46,0
DA:47,0
DA:48,0
DA:49,0
DA:50,0
DA:51,0
DA:52,0
DA:53,0
DA:54,0
DA:55,0
DA:56,0
DA:57,0
DA:58,0
DA:59,0
DA:60,0
DA:61,0
BRDA:38,29,0,0
BRDA:38,29,1,0
FN:64,System.Void BlazorSkraApp1.Startup::Configure(Microsoft.AspNetCore.Builder.IApplicationBuilder,Microsoft.AspNetCore.Hosting.IWebHostEnvironment,System.IServiceProvider)
FNDA:0,System.Void BlazorSkraApp1.Startup::Configure(Microsoft.AspNetCore.Builder.IApplicationBuilder,Microsoft.AspNetCore.Hosting.IWebHostEnvironment,System.IServiceProvider)
DA:65,0
DA:66,0
DA:67,0
DA:68,0
DA:69,0
DA:70,0
DA:72,0
DA:73,0
DA:75,0
DA:76,0
DA:78,0
DA:79,0
DA:81,0
DA:83,0
DA:84,0
DA:86,0
DA:87,0
DA:88,0
DA:89,0
DA:90,0
DA:91,0
DA:93,0
DA:94,0
BRDA:66,9,0,0
BRDA:66,9,1,0
BRDA:86,92,0,0
BRDA:86,92,1,0
FN:23,System.Void BlazorSkraApp1.Startup::.ctor(Microsoft.Extensions.Configuration.IConfiguration)
FNDA:0,System.Void BlazorSkraApp1.Startup::.ctor(Microsoft.Extensions.Configuration.IConfiguration)
DA:24,0
DA:25,0
DA:26,0
DA:27,0
FN:97,System.Void BlazorSkraApp1.Startup/<CreateUserAndRoles>d__6::MoveNext()
FNDA:0,System.Void BlazorSkraApp1.Startup/<CreateUserAndRoles>d__6::MoveNext()
DA:98,0
DA:100,0
DA:101,0
DA:102,0
DA:105,0
DA:106,0
DA:107,0
DA:108,0
DA:109,0
DA:111,0
DA:112,0
DA:113,0
DA:115,0
DA:117,0
DA:118,0
DA:119,0
DA:120,0
DA:121,0
DA:122,0
DA:123,0
DA:124,0
DA:125,0
DA:126,0
DA:128,0
DA:130,0
DA:131,0
DA:132,0
DA:133,0
DA:134,0
DA:135,0
DA:136,0
DA:137,0
DA:138,0
DA:139,0
DA:142,0
BRDA:105,512,1,0
BRDA:108,330,0,0
BRDA:108,330,1,0
BRDA:105,512,0,0
BRDA:117,670,0,0
BRDA:117,670,1,0
BRDA:130,1088,0,0
BRDA:130,1088,1,0
LF:91
LH:0
BRF:14
BRH:0
FNF:5
FNH:0
end_of_record
SF:/Users/thornystefansdottir/Desktop/Verkefni/BlazorSkraWebApp/BlazorSkraApp1/Shared/Components/DatePicker.razor
FN:6,System.Void BlazorSkraApp1.Shared.Components.DatePicker::BuildRenderTree(Microsoft.AspNetCore.Components.Rendering.RenderTreeBuilder)
FNDA:0,System.Void BlazorSkraApp1.Shared.Components.DatePicker::BuildRenderTree(Microsoft.AspNetCore.Components.Rendering.RenderTreeBuilder)
DA:7,0
DA:8,0
DA:9,0
DA:10,0
DA:11,0
DA:12,0
DA:14,0
DA:15,0
DA:16,0
DA:17,0
DA:18,0
DA:19,0
DA:20,0
DA:21,0
DA:23,0
DA:24,0
DA:25,0
DA:27,0
DA:28,0
DA:30,0
DA:36,0
DA:37,0
DA:39,0
DA:45,0
DA:46,0
DA:48,0
DA:52,0
DA:53,0
DA:55,0
DA:57,0
DA:59,0
BRDA:7,310,0,0
BRDA:9,321,0,0
BRDA:9,321,1,0
BRDA:9,332,0,0
BRDA:9,332,1,0
BRDA:9,354,0,0
BRDA:9,354,1,0
BRDA:7,310,1,0
BRDA:18,388,0,0
BRDA:18,397,0,0
BRDA:18,407,0,0
BRDA:18,388,1,0
BRDA:18,397,1,0
BRDA:18,407,1,0
BRDA:18,424,0,0
BRDA:18,424,1,0
BRDA:27,640,1,0
BRDA:27,640,0,0
BRDA:36,1039,1,0
BRDA:36,1039,0,0
BRDA:45,1478,1,0
BRDA:45,1478,0,0
BRDA:52,1580,0,0
BRDA:52,1580,1,0
FN:66,System.Int32 BlazorSkraApp1.Shared.Components.DatePicker::get_Day()
FNDA:0,System.Int32 BlazorSkraApp1.Shared.Components.DatePicker::get_Day()
DA:67,0
FN:67,System.Int32 BlazorSkraApp1.Shared.Components.DatePicker::get_Month()
FNDA:0,System.Int32 BlazorSkraApp1.Shared.Components.DatePicker::get_Month()
DA:68,0
FN:68,System.Int32 BlazorSkraApp1.Shared.Components.DatePicker::get_Year()
FNDA:0,System.Int32 BlazorSkraApp1.Shared.Components.DatePicker::get_Year()
DA:69,0
FN:73,System.String[] BlazorSkraApp1.Shared.Components.DatePicker::get_Months()
FNDA:0,System.String[] BlazorSkraApp1.Shared.Components.DatePicker::get_Months()
DA:74,0
FN:90,Microsoft.AspNetCore.Components.EventCallback`1<System.DateTime> BlazorSkraApp1.Shared.Components.DatePicker::get_DateSelected()
FNDA:0,Microsoft.AspNetCore.Components.EventCallback`1<System.DateTime> BlazorSkraApp1.Shared.Components.DatePicker::get_DateSelected()
DA:91,0
FN:93,System.Void BlazorSkraApp1.Shared.Components.DatePicker::OnInitialized()
FNDA:0,System.Void BlazorSkraApp1.Shared.Components.DatePicker::OnInitialized()
DA:94,0
DA:95,0
DA:96,0
DA:97,0
DA:98,0
FN:99,System.Threading.Tasks.Task BlazorSkraApp1.Shared.Components.DatePicker::OnSelectClick()
FNDA:0,System.Threading.Tasks.Task BlazorSkraApp1.Shared.Components.DatePicker::OnSelectClick()
DA:100,0
DA:101,0
DA:102,0
DA:103,0
DA:105,0
DA:106,0
DA:107,0
DA:108,0
BRDA:101,7,0,0
BRDA:101,15,0,0
BRDA:101,7,1,0
BRDA:101,15,1,0
BRDA:101,31,0,0
BRDA:101,31,1,0
FN:70,System.Void BlazorSkraApp1.Shared.Components.DatePicker::.ctor()
FNDA:0,System.Void BlazorSkraApp1.Shared.Components.DatePicker::.ctor()
DA:71,0
DA:72,0
DA:75,0
DA:76,0
DA:77,0
DA:78,0
DA:79,0
DA:80,0
DA:81,0
DA:82,0
DA:83,0
DA:84,0
DA:85,0
DA:86,0
DA:87,0
DA:88,0
LF:65
LH:0
BRF:30
BRH:0
FNF:9
FNH:0
end_of_record
SF:/Users/thornystefansdottir/Desktop/Verkefni/BlazorSkraWebApp/BlazorSkraApp1/Pages/Administation.razor
FN:121,System.Threading.Tasks.Task`1<Microsoft.AspNetCore.Components.Authorization.AuthenticationState> BlazorSkraApp1.Pages.Administation::get_authenticationStateTask()
FNDA:0,System.Threading.Tasks.Task`1<Microsoft.AspNetCore.Components.Authorization.AuthenticationState> BlazorSkraApp1.Pages.Administation::get_authenticationStateTask()
DA:122,0
FN:130,System.String BlazorSkraApp1.Pages.Administation::get_CurrentUserRole()
FNDA:0,System.String BlazorSkraApp1.Pages.Administation::get_CurrentUserRole()
DA:131,0
FN:175,System.Void BlazorSkraApp1.Pages.Administation::GetUsers()
FNDA:0,System.Void BlazorSkraApp1.Pages.Administation::GetUsers()
DA:176,0
DA:178,0
DA:181,0
DA:184,0
DA:185,0
DA:186,0
DA:187,0
DA:188,0
DA:189,0
DA:190,0
DA:192,0
DA:193,0
DA:194,0
DA:195,0
DA:196,0
BRDA:192,350,1,0
BRDA:192,350,0,0
FN:198,System.Void BlazorSkraApp1.Pages.Administation::AddNewUser()
FNDA:0,System.Void BlazorSkraApp1.Pages.Administation::AddNewUser()
DA:199,0
DA:201,0
DA:202,0
DA:205,0
DA:208,0
DA:209,0
FN:397,System.Void BlazorSkraApp1.Pages.Administation::ClosePopup()
FNDA:0,System.Void BlazorSkraApp1.Pages.Administation::ClosePopup()
DA:398,0
DA:400,0
DA:401,0
FN:123,System.Void BlazorSkraApp1.Pages.Administation::.ctor()
FNDA:0,System.Void BlazorSkraApp1.Pages.Administation::.ctor()
DA:124,0
DA:128,0
DA:134,0
DA:137,0
DA:140,0
DA:143,0
FN:10,System.Void BlazorSkraApp1.Pages.Administation/<>c__DisplayClass0_0::<BuildRenderTree>b__2(Microsoft.AspNetCore.Components.Rendering.RenderTreeBuilder)
FNDA:0,System.Void BlazorSkraApp1.Pages.Administation/<>c__DisplayClass0_0::<BuildRenderTree>b__2(Microsoft.AspNetCore.Components.Rendering.RenderTreeBuilder)
DA:11,0
DA:12,0
DA:22,0
DA:23,0
DA:37,0
DA:40,0
DA:41,0
DA:57,0
DA:58,0
DA:60,0
DA:62,0
DA:63,0
DA:65,0
DA:67,0
DA:71,0
DA:80,0
DA:81,0
DA:85,0
DA:94,0
DA:95,0
DA:101,0
DA:108,0
DA:110,0
DA:112,0
DA:114,0
BRDA:11,43,0,0
BRDA:22,689,1,0
BRDA:22,689,0,0
BRDA:40,780,0,0
BRDA:57,1305,0,0
BRDA:57,1305,1,0
BRDA:62,1427,0,0
BRDA:62,1427,1,0
BRDA:80,2444,1,0
BRDA:80,2444,0,0
BRDA:94,2643,0,0
BRDA:94,2643,1,0
BRDA:40,780,1,0
BRDA:11,43,1,0
FN:31,System.Threading.Tasks.Task BlazorSkraApp1.Pages.Administation/<>c__DisplayClass0_1::<BuildRenderTree>b__7()
FNDA:0,System.Threading.Tasks.Task BlazorSkraApp1.Pages.Administation/<>c__DisplayClass0_1::<BuildRenderTree>b__7()
DA:32,0
FN:145,System.Void BlazorSkraApp1.Pages.Administation/<OnInitializedAsync>d__16::MoveNext()
FNDA:0,System.Void BlazorSkraApp1.Pages.Administation/<OnInitializedAsync>d__16::MoveNext()
DA:146,0
DA:148,0
DA:149,0
DA:150,0
DA:152,0
DA:153,0
DA:156,0
DA:157,0
DA:158,0
DA:160,0
DA:161,0
DA:162,0
DA:164,0
DA:165,0
DA:166,0
DA:169,0
DA:172,0
DA:173,0
BRDA:149,219,0,0
BRDA:149,219,1,0
BRDA:157,499,0,0
BRDA:161,661,0,0
BRDA:161,661,1,0
BRDA:157,499,1,0
FN:211,System.Void BlazorSkraApp1.Pages.Administation/<SaveUser>d__19::MoveNext()
FNDA:0,System.Void BlazorSkraApp1.Pages.Administation/<SaveUser>d__19::MoveNext()
DA:212,0
DA:214,0
DA:216,0
DA:217,0
DA:219,0
DA:222,0
DA:225,0
DA:229,0
DA:230,0
DA:231,0
DA:232,0
DA:234,0
DA:235,0
DA:236,0
DA:237,0
DA:238,0
DA:240,0
DA:241,0
DA:242,0
DA:243,0
DA:244,0
DA:245,0
DA:246,0
DA:247,0
DA:248,0
DA:249,0
DA:251,0
DA:252,0
DA:253,0
DA:256,0
DA:258,0
DA:263,0
DA:264,0
DA:265,0
DA:269,0
DA:270,0
DA:271,0
DA:272,0
DA:273,0
DA:275,0
DA:276,0
DA:277,0
DA:279,0
DA:282,0
DA:283,0
DA:284,0
DA:285,0
DA:287,0
DA:288,0
DA:289,0
DA:290,0
DA:291,0
DA:293,0
DA:296,0
DA:297,0
DA:298,0
DA:299,0
DA:300,0
DA:301,0
DA:303,0
DA:304,0
DA:305,0
DA:307,0
DA:308,0
DA:309,0
DA:310,0
DA:311,0
DA:312,0
DA:313,0
DA:314,0
DA:315,0
DA:316,0
DA:317,0
DA:318,0
DA:320,0
DA:321,0
DA:322,0
DA:325,0
DA:328,0
DA:330,0
DA:331,0
DA:333,0
DA:334,0
DA:335,0
DA:336,0
DA:337,0
DA:340,0
DA:343,0
DA:344,0
DA:345,0
DA:346,0
DA:347,0
DA:348,0
DA:349,0
BRDA:212,18,0,0
BRDA:216,135,0,0
BRDA:212,18,1,0
BRDA:212,18,2,0
BRDA:229,460,0,0
BRDA:212,18,3,0
BRDA:212,18,4,0
BRDA:240,784,0,0
BRDA:242,810,0,0
BRDA:242,810,1,0
BRDA:240,784,1,0
BRDA:229,460,1,0
BRDA:212,18,5,0
BRDA:269,1070,0,0
BRDA:212,18,6,0
BRDA:269,1070,1,0
BRDA:282,1247,0,0
BRDA:212,18,7,0
BRDA:282,1247,1,0
BRDA:216,135,1,0
BRDA:212,18,8,0
BRDA:307,1625,0,0
BRDA:309,1651,0,0
BRDA:309,1651,1,0
BRDA:307,1625,1,0
BRDA:330,1744,0,0
BRDA:212,18,9,0
BRDA:330,1744,1,0
FN:351,System.Void BlazorSkraApp1.Pages.Administation/<EditUser>d__20::MoveNext()
FNDA:0,System.Void BlazorSkraApp1.Pages.Administation/<EditUser>d__20::MoveNext()
DA:352,0
DA:355,0
DA:358,0
DA:359,0
DA:360,0
DA:362,0
DA:363,0
DA:364,0
DA:366,0
DA:367,0
DA:368,0
DA:369,0
DA:371,0
DA:372,0
DA:373,0
DA:374,0
DA:377,0
DA:378,0
BRDA:352,14,0,0
BRDA:359,200,0,0
BRDA:352,14,1,0
BRDA:366,359,0,0
BRDA:366,359,1,0
BRDA:359,200,1,0
FN:380,System.Void BlazorSkraApp1.Pages.Administation/<DeleteUser>d__21::MoveNext()
FNDA:0,System.Void BlazorSkraApp1.Pages.Administation/<DeleteUser>d__21::MoveNext()
DA:381,0
DA:383,0
DA:386,0
DA:387,0
DA:388,0
DA:390,0
DA:391,0
DA:394,0
DA:395,0
BRDA:381,14,0,0
BRDA:387,195,0,0
BRDA:381,14,1,0
BRDA:387,195,1,0
LF:197
LH:0
BRF:60
BRH:0
FNF:12
FNH:0
end_of_record
SF:/Users/thornystefansdottir/Desktop/Verkefni/BlazorSkraWebApp/BlazorSkraApp1/Pages/AllSubmissions.razor
FN:68,System.Boolean BlazorSkraApp1.Pages.AllSubmissions::GetAll(BlazorSkraApp1.Data.Submissions)
FNDA:0,System.Boolean BlazorSkraApp1.Pages.AllSubmissions::GetAll(BlazorSkraApp1.Data.Submissions)
DA:69,0
DA:71,0
DA:73,0
DA:74,0
DA:75,0
DA:76,0
DA:77,0
DA:79,0
DA:81,0
DA:82,0
DA:83,0
BRDA:73,101,1,0
BRDA:75,85,0,0
BRDA:75,85,1,0
BRDA:73,101,0,0
FN:85,System.Void BlazorSkraApp1.Pages.AllSubmissions::SortFormName()
FNDA:0,System.Void BlazorSkraApp1.Pages.AllSubmissions::SortFormName()
DA:86,0
DA:87,0
DA:88,0
DA:89,0
DA:90,0
DA:91,0
DA:93,0
DA:94,0
DA:95,0
DA:96,0
DA:97,0
DA:98,0
DA:99,0
BRDA:87,12,0,0
BRDA:89,28,0,0
BRDA:89,28,1,0
BRDA:87,12,1,0
BRDA:94,92,0,0
BRDA:94,92,1,0
FN:101,System.Void BlazorSkraApp1.Pages.AllSubmissions::SortUserEmail()
FNDA:0,System.Void BlazorSkraApp1.Pages.AllSubmissions::SortUserEmail()
DA:102,0
DA:103,0
DA:104,0
DA:105,0
DA:106,0
DA:107,0
DA:109,0
DA:110,0
DA:111,0
DA:112,0
DA:113,0
DA:114,0
DA:115,0
BRDA:103,12,0,0
BRDA:105,28,0,0
BRDA:105,28,1,0
BRDA:103,12,1,0
BRDA:110,92,0,0
BRDA:110,92,1,0
FN:117,System.Void BlazorSkraApp1.Pages.AllSubmissions::SortDate()
FNDA:0,System.Void BlazorSkraApp1.Pages.AllSubmissions::SortDate()
DA:118,0
DA:119,0
DA:120,0
DA:121,0
DA:122,0
DA:123,0
DA:125,0
DA:126,0
DA:127,0
DA:128,0
DA:129,0
DA:130,0
DA:131,0
BRDA:119,12,0,0
BRDA:121,28,0,0
BRDA:121,28,1,0
BRDA:119,12,1,0
BRDA:126,92,0,0
BRDA:126,92,1,0
FN:12,System.Void BlazorSkraApp1.Pages.AllSubmissions::<BuildRenderTree>b__0_1(Microsoft.AspNetCore.Components.Rendering.RenderTreeBuilder)
FNDA:0,System.Void BlazorSkraApp1.Pages.AllSubmissions::<BuildRenderTree>b__0_1(Microsoft.AspNetCore.Components.Rendering.RenderTreeBuilder)
DA:13,0
DA:14,0
DA:20,0
DA:22,0
DA:40,0
DA:41,0
DA:42,0
DA:43,0
DA:49,0
DA:50,0
DA:54,0
BRDA:13,25,0,0
BRDA:13,25,1,0
BRDA:40,1156,1,0
BRDA:42,899,0,0
BRDA:42,899,1,0
BRDA:40,1156,0,0
FN:28,System.Void BlazorSkraApp1.Pages.AllSubmissions::<BuildRenderTree>b__0_2()
FNDA:0,System.Void BlazorSkraApp1.Pages.AllSubmissions::<BuildRenderTree>b__0_2()
DA:29,0
FN:31,System.Void BlazorSkraApp1.Pages.AllSubmissions::<BuildRenderTree>b__0_3()
FNDA:0,System.Void BlazorSkraApp1.Pages.AllSubmissions::<BuildRenderTree>b__0_3()
DA:32,0
FN:34,System.Void BlazorSkraApp1.Pages.AllSubmissions::<BuildRenderTree>b__0_4()
FNDA:0,System.Void BlazorSkraApp1.Pages.AllSubmissions::<BuildRenderTree>b__0_4()
DA:35,0
FN:57,System.Void BlazorSkraApp1.Pages.AllSubmissions::.ctor()
FNDA:0,System.Void BlazorSkraApp1.Pages.AllSubmissions::.ctor()
DA:58,0
DA:60,0
DA:61,0
DA:62,0
FN:64,System.Void BlazorSkraApp1.Pages.AllSubmissions/<OnInitializedAsync>d__6::MoveNext()
FNDA:0,System.Void BlazorSkraApp1.Pages.AllSubmissions/<OnInitializedAsync>d__6::MoveNext()
DA:65,0
DA:66,0
DA:67,0
LF:71
LH:0
BRF:28
BRH:0
FNF:10
FNH:0
end_of_record
SF:/Users/thornystefansdottir/Desktop/Verkefni/BlazorSkraWebApp/BlazorSkraApp1/Pages/Contact.razor
FN:26,System.Void BlazorSkraApp1.Pages.Contact::BuildRenderTree(Microsoft.AspNetCore.Components.Rendering.RenderTreeBuilder)
FNDA:0,System.Void BlazorSkraApp1.Pages.Contact::BuildRenderTree(Microsoft.AspNetCore.Components.Rendering.RenderTreeBuilder)
DA:27,0
DA:28,0
DA:44,0
DA:46,0
DA:47,0
DA:63,0
BRDA:27,217,0,0
BRDA:27,217,1,0
BRDA:46,271,0,0
BRDA:46,271,1,0
FN:66,System.Threading.Tasks.Task`1<Microsoft.AspNetCore.Components.Authorization.AuthenticationState> BlazorSkraApp1.Pages.Contact::get_authenticationStateTask()
FNDA:0,System.Threading.Tasks.Task`1<Microsoft.AspNetCore.Components.Authorization.AuthenticationState> BlazorSkraApp1.Pages.Contact::get_authenticationStateTask()
DA:67,0
FN:80,System.Void BlazorSkraApp1.Pages.Contact::SendMail()
FNDA:0,System.Void BlazorSkraApp1.Pages.Contact::SendMail()
DA:81,0
DA:83,0
DA:84,0
DA:86,0
DA:88,0
DA:89,0
DA:91,0
DA:92,0
DA:93,0
DA:94,0
DA:96,0
DA:97,0
DA:98,0
DA:100,0
DA:101,0
DA:102,0
DA:104,0
DA:105,0
DA:106,0
DA:107,0
DA:108,0
DA:109,0
DA:110,0
DA:111,0
DA:112,0
DA:113,0
DA:115,0
FN:68,System.Void BlazorSkraApp1.Pages.Contact::.ctor()
FNDA:0,System.Void BlazorSkraApp1.Pages.Contact::.ctor()
DA:69,0
DA:70,0
DA:71,0
DA:73,0
FN:74,System.Void BlazorSkraApp1.Pages.Contact/<OnInitializedAsync>d__10::MoveNext()
FNDA:0,System.Void BlazorSkraApp1.Pages.Contact/<OnInitializedAsync>d__10::MoveNext()
DA:75,0
DA:77,0
DA:78,0
DA:79,0
BRDA:75,14,0,0
BRDA:75,14,1,0
LF:42
LH:0
BRF:6
BRH:0
FNF:5
FNH:0
end_of_record
SF:/Users/thornystefansdottir/Desktop/Verkefni/BlazorSkraWebApp/BlazorSkraApp1/Pages/FormCreation.razor
FN:66,System.String BlazorSkraApp1.Pages.FormCreation::get_selectedCategoryId()
FNDA:0,System.String BlazorSkraApp1.Pages.FormCreation::get_selectedCategoryId()
DA:67,0
FN:73,System.Void BlazorSkraApp1.Pages.FormCreation::EditForm()
FNDA:0,System.Void BlazorSkraApp1.Pages.FormCreation::EditForm()
DA:74,0
DA:75,0
DA:76,0
FN:78,System.Void BlazorSkraApp1.Pages.FormCreation::DeleteFormHandler()
FNDA:0,System.Void BlazorSkraApp1.Pages.FormCreation::DeleteFormHandler()
DA:79,0
DA:80,0
DA:81,0
DA:83,0
DA:84,0
DA:86,0
DA:87,0
DA:88,0
DA:90,0
BRDA:80,12,0,0
BRDA:80,12,1,0
FN:19,System.Void BlazorSkraApp1.Pages.FormCreation::<BuildRenderTree>b__0_1(Microsoft.AspNetCore.Components.Rendering.RenderTreeBuilder)
FNDA:0,System.Void BlazorSkraApp1.Pages.FormCreation::<BuildRenderTree>b__0_1(Microsoft.AspNetCore.Components.Rendering.RenderTreeBuilder)
DA:20,0
DA:21,0
DA:26,0
DA:28,0
DA:29,0
DA:32,0
DA:33,0
DA:38,0
DA:40,0
DA:42,0
DA:53,0
DA:55,0
DA:56,0
DA:62,0
BRDA:20,25,0,0
BRDA:21,155,0,0
BRDA:21,155,1,0
BRDA:20,25,1,0
BRDA:28,228,0,0
BRDA:28,228,1,0
BRDA:28,244,0,0
BRDA:32,327,0,0
BRDA:32,327,1,0
BRDA:42,735,0,0
BRDA:42,735,1,0
BRDA:42,780,0,0
BRDA:42,780,1,0
BRDA:42,825,0,0
BRDA:42,825,1,0
BRDA:42,870,0,0
BRDA:42,870,1,0
BRDA:28,244,1,0
BRDA:55,945,0,0
BRDA:55,945,1,0
FN:68,System.Void BlazorSkraApp1.Pages.FormCreation::.ctor()
FNDA:0,System.Void BlazorSkraApp1.Pages.FormCreation::.ctor()
DA:69,0
DA:70,0
FN:112,System.Boolean BlazorSkraApp1.Pages.FormCreation/<>c__DisplayClass11_0::<CreateFormHandler>b__0(BlazorSkraApp1.Models.ViewModels.QuestionsViewModel)
FNDA:0,System.Boolean BlazorSkraApp1.Pages.FormCreation/<>c__DisplayClass11_0::<CreateFormHandler>b__0(BlazorSkraApp1.Models.ViewModels.QuestionsViewModel)
DA:113,0
FN:92,System.Void BlazorSkraApp1.Pages.FormCreation/<CreateFormHandler>d__11::MoveNext()
FNDA:0,System.Void BlazorSkraApp1.Pages.FormCreation/<CreateFormHandler>d__11::MoveNext()
DA:93,0
DA:94,0
DA:95,0
DA:98,0
DA:99,0
DA:100,0
DA:101,0
DA:102,0
DA:103,0
DA:106,0
DA:107,0
DA:108,0
DA:109,0
DA:110,0
DA:111,0
DA:112,0
DA:115,0
DA:116,0
DA:117,0
DA:118,0
DA:119,0
DA:120,0
DA:121,0
DA:122,0
DA:123,0
DA:125,0
DA:126,0
BRDA:106,864,1,0
BRDA:115,763,1,0
BRDA:115,763,0,0
BRDA:106,864,0,0
FN:129,System.Void BlazorSkraApp1.Pages.FormCreation/<SaveForm>d__12::MoveNext()
FNDA:0,System.Void BlazorSkraApp1.Pages.FormCreation/<SaveForm>d__12::MoveNext()
DA:130,0
DA:132,0
DA:133,0
DA:138,0
DA:139,0
DA:140,0
DA:141,0
DA:142,0
DA:145,0
DA:146,0
DA:147,0
DA:148,0
DA:151,0
DA:152,0
DA:153,0
DA:154,0
DA:155,0
DA:156,0
DA:157,0
DA:158,0
DA:160,0
DA:161,0
DA:162,0
DA:163,0
DA:164,0
DA:165,0
DA:168,0
DA:169,0
DA:170,0
DA:171,0
DA:172,0
DA:174,0
DA:175,0
DA:176,0
DA:177,0
DA:178,0
DA:179,0
DA:180,0
DA:181,0
DA:183,0
DA:184,0
DA:185,0
DA:186,0
BRDA:152,1818,1,0
BRDA:152,555,1,0
BRDA:152,555,2,0
BRDA:152,555,3,0
BRDA:152,555,4,0
BRDA:152,555,5,0
BRDA:168,1252,0,0
BRDA:168,1743,1,0
BRDA:168,1252,1,0
BRDA:168,1258,1,0
BRDA:168,1258,0,0
BRDA:168,1743,0,0
BRDA:152,555,0,0
BRDA:152,1818,0,0
LF:100
LH:0
BRF:40
BRH:0
FNF:8
FNH:0
end_of_record
SF:/Users/thornystefansdottir/Desktop/Verkefni/BlazorSkraWebApp/BlazorSkraApp1/Pages/FormEdit.razor
FN:56,System.String BlazorSkraApp1.Pages.FormEdit::get_id()
FNDA:0,System.String BlazorSkraApp1.Pages.FormEdit::get_id()
DA:57,0
FN:63,System.Void BlazorSkraApp1.Pages.FormEdit::OnInitialized()
FNDA:0,System.Void BlazorSkraApp1.Pages.FormEdit::OnInitialized()
DA:64,0
DA:65,0
DA:66,0
FN:68,System.Void BlazorSkraApp1.Pages.FormEdit::EditForm()
FNDA:0,System.Void BlazorSkraApp1.Pages.FormEdit::EditForm()
DA:69,0
DA:70,0
DA:71,0
FN:73,System.Void BlazorSkraApp1.Pages.FormEdit::DeleteFormHandler()
FNDA:0,System.Void BlazorSkraApp1.Pages.FormEdit::DeleteFormHandler()
DA:74,0
DA:75,0
DA:76,0
FN:18,System.Void BlazorSkraApp1.Pages.FormEdit::<BuildRenderTree>b__0_1(Microsoft.AspNetCore.Components.Rendering.RenderTreeBuilder)
FNDA:0,System.Void BlazorSkraApp1.Pages.FormEdit::<BuildRenderTree>b__0_1(Microsoft.AspNetCore.Components.Rendering.RenderTreeBuilder)
DA:19,0
DA:20,0
DA:24,0
DA:26,0
DA:27,0
DA:41,0
DA:43,0
DA:44,0
DA:50,0
BRDA:19,25,0,0
BRDA:20,135,0,0
BRDA:20,135,1,0
BRDA:19,25,1,0
BRDA:26,208,0,0
BRDA:26,208,1,0
BRDA:26,224,0,0
BRDA:27,640,0,0
BRDA:27,640,1,0
BRDA:27,685,0,0
BRDA:27,685,1,0
BRDA:27,730,0,0
BRDA:27,730,1,0
BRDA:27,775,0,0
BRDA:27,775,1,0
BRDA:26,224,1,0
BRDA:43,850,0,0
BRDA:43,850,1,0
FN:59,System.Void BlazorSkraApp1.Pages.FormEdit::.ctor()
FNDA:0,System.Void BlazorSkraApp1.Pages.FormEdit::.ctor()
DA:60,0
DA:61,0
FN:97,System.Boolean BlazorSkraApp1.Pages.FormEdit/<>c__DisplayClass12_0::<EditFormHandler>b__0(BlazorSkraApp1.Models.ViewModels.QuestionsViewModel)
FNDA:0,System.Boolean BlazorSkraApp1.Pages.FormEdit/<>c__DisplayClass12_0::<EditFormHandler>b__0(BlazorSkraApp1.Models.ViewModels.QuestionsViewModel)
DA:98,0
FN:78,System.Void BlazorSkraApp1.Pages.FormEdit/<EditFormHandler>d__12::MoveNext()
FNDA:0,System.Void BlazorSkraApp1.Pages.FormEdit/<EditFormHandler>d__12::MoveNext()
DA:79,0
DA:80,0
DA:81,0
DA:84,0
DA:85,0
DA:86,0
DA:87,0
DA:88,0
DA:91,0
DA:92,0
DA:93,0
DA:94,0
DA:95,0
DA:96,0
DA:97,0
DA:100,0
DA:101,0
DA:102,0
DA:103,0
DA:104,0
DA:105,0
DA:106,0
DA:107,0
DA:108,0
DA:110,0
DA:111,0
BRDA:91,836,1,0
BRDA:100,735,1,0
BRDA:100,735,0,0
BRDA:91,836,0,0
FN:114,System.Void BlazorSkraApp1.Pages.FormEdit/<UpdateForm>d__13::MoveNext()
FNDA:0,System.Void BlazorSkraApp1.Pages.FormEdit/<UpdateForm>d__13::MoveNext()
DA:115,0
DA:117,0
DA:118,0
DA:119,0
DA:120,0
DA:121,0
DA:124,0
DA:125,0
DA:126,0
DA:127,0
DA:130,0
DA:133,0
DA:136,0
DA:137,0
DA:138,0
DA:139,0
DA:140,0
DA:141,0
DA:142,0
DA:143,0
DA:145,0
DA:146,0
DA:147,0
DA:148,0
DA:149,0
DA:150,0
DA:153,0
DA:154,0
DA:155,0
DA:156,0
DA:157,0
DA:159,0
DA:160,0
DA:161,0
DA:162,0
DA:163,0
DA:164,0
DA:165,0
DA:166,0
DA:168,0
DA:169,0
DA:170,0
BRDA:137,2052,1,0
BRDA:137,789,1,0
BRDA:137,789,2,0
BRDA:137,789,3,0
BRDA:137,789,4,0
BRDA:137,789,5,0
BRDA:153,1486,0,0
BRDA:153,1977,1,0
BRDA:153,1486,1,0
BRDA:153,1492,1,0
BRDA:153,1492,0,0
BRDA:153,1977,0,0
BRDA:137,789,0,0
BRDA:137,2052,0,0
LF:90
LH:0
BRF:36
BRH:0
FNF:9
FNH:0
end_of_record
SF:/Users/thornystefansdottir/Desktop/Verkefni/BlazorSkraWebApp/BlazorSkraApp1/Pages/FormList.razor
FN:10,System.Void BlazorSkraApp1.Pages.FormList::BuildRenderTree(Microsoft.AspNetCore.Components.Rendering.RenderTreeBuilder)
FNDA:0,System.Void BlazorSkraApp1.Pages.FormList::BuildRenderTree(Microsoft.AspNetCore.Components.Rendering.RenderTreeBuilder)
DA:11,0
DA:12,0
DA:18,0
DA:20,0
DA:21,0
DA:25,0
DA:27,0
DA:33,0
DA:34,0
DA:36,0
DA:46,0
DA:47,0
DA:68,0
DA:71,0
DA:73,0
DA:85,0
DA:96,0
BRDA:11,12,0,0
BRDA:11,12,1,0
BRDA:20,58,0,0
BRDA:20,58,1,0
BRDA:33,559,0,0
BRDA:33,559,1,0
BRDA:46,1366,1,0
BRDA:46,1366,0,0
BRDA:71,1441,0,0
BRDA:73,1503,0,0
BRDA:73,1503,1,0
BRDA:73,1548,0,0
BRDA:73,1548,1,0
BRDA:71,1441,1,0
BRDA:85,1729,0,0
BRDA:85,1729,1,0
BRDA:85,1800,0,0
BRDA:85,1800,1,0
BRDA:85,1845,0,0
BRDA:85,1845,1,0
FN:99,System.String BlazorSkraApp1.Pages.FormList::get_id()
FNDA:0,System.String BlazorSkraApp1.Pages.FormList::get_id()
DA:100,0
FN:129,System.Void BlazorSkraApp1.Pages.FormList::SelectCategoryAssignment(BlazorSkraApp1.Data.CategoriesAssignments)
FNDA:0,System.Void BlazorSkraApp1.Pages.FormList::SelectCategoryAssignment(BlazorSkraApp1.Data.CategoriesAssignments)
DA:130,0
DA:132,0
DA:133,0
DA:134,0
DA:135,0
DA:136,0
DA:137,0
FN:154,System.Void BlazorSkraApp1.Pages.FormList::NavigateToSearch(Microsoft.AspNetCore.Components.Web.KeyboardEventArgs)
FNDA:0,System.Void BlazorSkraApp1.Pages.FormList::NavigateToSearch(Microsoft.AspNetCore.Components.Web.KeyboardEventArgs)
DA:155,0
DA:156,0
DA:157,0
DA:158,0
DA:159,0
DA:160,0
DA:161,0
BRDA:156,19,0,0
BRDA:156,19,1,0
FN:102,System.Void BlazorSkraApp1.Pages.FormList::.ctor()
FNDA:0,System.Void BlazorSkraApp1.Pages.FormList::.ctor()
DA:103,0
DA:105,0
FN:55,System.Void BlazorSkraApp1.Pages.FormList/<>c__DisplayClass0_0::<BuildRenderTree>b__11()
FNDA:0,System.Void BlazorSkraApp1.Pages.FormList/<>c__DisplayClass0_0::<BuildRenderTree>b__11()
DA:56,0
FN:107,System.Void BlazorSkraApp1.Pages.FormList/<OnInitializedAsync>d__10::MoveNext()
FNDA:0,System.Void BlazorSkraApp1.Pages.FormList/<OnInitializedAsync>d__10::MoveNext()
DA:108,0
DA:110,0
DA:111,0
DA:114,0
DA:115,0
DA:116,0
DA:117,0
DA:118,0
DA:120,0
DA:121,0
DA:123,0
DA:126,0
DA:128,0
BRDA:108,14,0,0
BRDA:108,14,1,0
FN:139,System.Void BlazorSkraApp1.Pages.FormList/<DeleteFormHandler>d__12::MoveNext()
FNDA:0,System.Void BlazorSkraApp1.Pages.FormList/<DeleteFormHandler>d__12::MoveNext()
DA:140,0
DA:142,0
DA:145,0
DA:148,0
DA:151,0
DA:152,0
BRDA:140,14,0,0
BRDA:140,14,1,0
LF:54
LH:0
BRF:26
BRH:0
FNF:8
FNH:0
end_of_record
SF:/Users/thornystefansdottir/Desktop/Verkefni/BlazorSkraWebApp/BlazorSkraApp1/Pages/FormView.razor
FN:19,System.Void BlazorSkraApp1.Pages.FormView::BuildRenderTree(Microsoft.AspNetCore.Components.Rendering.RenderTreeBuilder)
FNDA:0,System.Void BlazorSkraApp1.Pages.FormView::BuildRenderTree(Microsoft.AspNetCore.Components.Rendering.RenderTreeBuilder)
DA:20,0
DA:21,0
DA:27,0
DA:28,0
DA:29,0
DA:33,0
DA:34,0
DA:35,0
DA:41,0
DA:43,0
DA:121,0
DA:123,0
DA:124,0
DA:131,0
BRDA:20,12,0,0
BRDA:20,12,1,0
BRDA:28,58,0,0
BRDA:28,58,1,0
BRDA:34,101,0,0
BRDA:34,101,1,0
BRDA:123,401,0,0
BRDA:124,498,0,0
BRDA:124,498,1,0
BRDA:124,546,0,0
BRDA:124,546,1,0
BRDA:124,594,0,0
BRDA:124,594,1,0
BRDA:124,642,0,0
BRDA:124,642,1,0
BRDA:123,401,1,0
FN:134,System.String BlazorSkraApp1.Pages.FormView::get_id()
FNDA:0,System.String BlazorSkraApp1.Pages.FormView::get_id()
DA:135,0
FN:138,System.Threading.Tasks.Task`1<Microsoft.AspNetCore.Components.Authorization.AuthenticationState> BlazorSkraApp1.Pages.FormView::get_authenticationStateTask()
FNDA:0,System.Threading.Tasks.Task`1<Microsoft.AspNetCore.Components.Authorization.AuthenticationState> BlazorSkraApp1.Pages.FormView::get_authenticationStateTask()
DA:139,0
FN:142,System.Boolean BlazorSkraApp1.Pages.FormView::get_anonymous()
FNDA:0,System.Boolean BlazorSkraApp1.Pages.FormView::get_anonymous()
DA:143,0
FN:240,System.Void BlazorSkraApp1.Pages.FormView::updateAnon(System.Boolean)
FNDA:0,System.Void BlazorSkraApp1.Pages.FormView::updateAnon(System.Boolean)
DA:241,0
DA:242,0
DA:243,0
FN:311,System.Void BlazorSkraApp1.Pages.FormView::sendMail(System.String)
FNDA:0,System.Void BlazorSkraApp1.Pages.FormView::sendMail(System.String)
DA:312,0
DA:314,0
DA:315,0
DA:316,0
DA:317,0
DA:318,0
DA:319,0
DA:320,0
DA:321,0
DA:322,0
DA:323,0
FN:325,System.Void BlazorSkraApp1.Pages.FormView::SubmissionFailHandler()
FNDA:0,System.Void BlazorSkraApp1.Pages.FormView::SubmissionFailHandler()
DA:326,0
DA:327,0
DA:328,0
FN:47,System.Void BlazorSkraApp1.Pages.FormView::<BuildRenderTree>b__0_5(Microsoft.AspNetCore.Components.Rendering.RenderTreeBuilder)
FNDA:0,System.Void BlazorSkraApp1.Pages.FormView::<BuildRenderTree>b__0_5(Microsoft.AspNetCore.Components.Rendering.RenderTreeBuilder)
DA:48,0
DA:49,0
DA:54,0
DA:55,0
DA:56,0
DA:57,0
DA:62,0
DA:64,0
DA:65,0
DA:66,0
DA:69,0
DA:70,0
DA:71,0
DA:74,0
DA:75,0
DA:76,0
DA:77,0
DA:78,0
DA:79,0
DA:83,0
DA:85,0
DA:86,0
DA:87,0
DA:88,0
DA:93,0
DA:95,0
DA:97,0
DA:101,0
DA:105,0
DA:106,0
DA:111,0
BRDA:48,3557,1,0
BRDA:54,498,0,0
BRDA:56,518,0,0
BRDA:56,518,1,0
BRDA:56,960,1,0
BRDA:57,674,0,0
BRDA:57,674,1,0
BRDA:56,960,0,0
BRDA:54,498,1,0
BRDA:65,1188,0,0
BRDA:65,1188,1,0
BRDA:70,1770,0,0
BRDA:70,1770,1,0
BRDA:75,2352,0,0
BRDA:77,2372,0,0
BRDA:77,2372,1,0
BRDA:77,2716,1,0
BRDA:77,2716,0,0
BRDA:75,2352,1,0
BRDA:86,2946,0,0
BRDA:86,2946,1,0
BRDA:48,3557,0,0
BRDA:105,3744,0,0
BRDA:105,3744,1,0
FN:107,System.Void BlazorSkraApp1.Pages.FormView::<BuildRenderTree>b__0_6(Microsoft.AspNetCore.Components.ChangeEventArgs)
FNDA:0,System.Void BlazorSkraApp1.Pages.FormView::<BuildRenderTree>b__0_6(Microsoft.AspNetCore.Components.ChangeEventArgs)
DA:108,0
FN:150,System.Void BlazorSkraApp1.Pages.FormView::.ctor()
FNDA:0,System.Void BlazorSkraApp1.Pages.FormView::.ctor()
DA:151,0
DA:152,0
DA:155,0
DA:158,0
DA:160,0
DA:162,0
DA:164,0
FN:80,System.Threading.Tasks.Task BlazorSkraApp1.Pages.FormView/<>c__DisplayClass0_1::<BuildRenderTree>b__19()
FNDA:0,System.Threading.Tasks.Task BlazorSkraApp1.Pages.FormView/<>c__DisplayClass0_1::<BuildRenderTree>b__19()
DA:81,0
FN:89,System.Threading.Tasks.Task BlazorSkraApp1.Pages.FormView/<>c__DisplayClass0_2::<BuildRenderTree>b__20()
FNDA:0,System.Threading.Tasks.Task BlazorSkraApp1.Pages.FormView/<>c__DisplayClass0_2::<BuildRenderTree>b__20()
DA:90,0
FN:181,System.Boolean BlazorSkraApp1.Pages.FormView/<>c::<OnInitializedAsync>b__24_0(BlazorSkraApp1.Data.QuestionsFormAssignments)
FNDA:0,System.Boolean BlazorSkraApp1.Pages.FormView/<>c::<OnInitializedAsync>b__24_0(BlazorSkraApp1.Data.QuestionsFormAssignments)
DA:182,0
BRDA:182,719,0,0
BRDA:182,719,1,0
FN:182,System.Boolean BlazorSkraApp1.Pages.FormView/<>c::<OnInitializedAsync>b__24_1(BlazorSkraApp1.Data.QuestionsFormAssignments)
FNDA:0,System.Boolean BlazorSkraApp1.Pages.FormView/<>c::<OnInitializedAsync>b__24_1(BlazorSkraApp1.Data.QuestionsFormAssignments)
DA:183,0
BRDA:183,777,0,0
BRDA:183,777,1,0
FN:183,System.Boolean BlazorSkraApp1.Pages.FormView/<>c::<OnInitializedAsync>b__24_2(BlazorSkraApp1.Data.QuestionsFormAssignments)
FNDA:0,System.Boolean BlazorSkraApp1.Pages.FormView/<>c::<OnInitializedAsync>b__24_2(BlazorSkraApp1.Data.QuestionsFormAssignments)
DA:184,0
BRDA:184,835,0,0
BRDA:184,835,1,0
FN:184,System.Boolean BlazorSkraApp1.Pages.FormView/<>c::<OnInitializedAsync>b__24_3(BlazorSkraApp1.Data.QuestionsFormAssignments)
FNDA:0,System.Boolean BlazorSkraApp1.Pages.FormView/<>c::<OnInitializedAsync>b__24_3(BlazorSkraApp1.Data.QuestionsFormAssignments)
DA:185,0
BRDA:185,893,0,0
BRDA:185,893,1,0
FN:185,System.Boolean BlazorSkraApp1.Pages.FormView/<>c::<OnInitializedAsync>b__24_4(BlazorSkraApp1.Data.QuestionsFormAssignments)
FNDA:0,System.Boolean BlazorSkraApp1.Pages.FormView/<>c::<OnInitializedAsync>b__24_4(BlazorSkraApp1.Data.QuestionsFormAssignments)
DA:186,0
BRDA:186,951,0,0
BRDA:186,951,1,0
FN:226,System.Void BlazorSkraApp1.Pages.FormView/<SelectedDateChanged>d__25::MoveNext()
FNDA:0,System.Void BlazorSkraApp1.Pages.FormView/<SelectedDateChanged>d__25::MoveNext()
DA:227,0
DA:228,0
DA:229,0
DA:230,0
DA:231,0
BRDA:228,67,0,0
BRDA:228,67,1,0
FN:233,System.Void BlazorSkraApp1.Pages.FormView/<SaveCheckboxValue>d__26::MoveNext()
FNDA:0,System.Void BlazorSkraApp1.Pages.FormView/<SaveCheckboxValue>d__26::MoveNext()
DA:234,0
DA:235,0
DA:236,0
DA:237,0
DA:238,0
BRDA:235,67,0,0
BRDA:235,67,1,0
FN:245,System.Void BlazorSkraApp1.Pages.FormView/<SubmitForm>d__28::MoveNext()
FNDA:0,System.Void BlazorSkraApp1.Pages.FormView/<SubmitForm>d__28::MoveNext()
DA:246,0
DA:248,0
DA:250,0
DA:251,0
DA:252,0
DA:253,0
DA:257,0
DA:258,0
DA:262,0
DA:263,0
DA:264,0
DA:265,0
DA:267,0
DA:268,0
DA:269,0
DA:270,0
DA:271,0
DA:272,0
DA:273,0
DA:274,0
DA:275,0
DA:276,0
DA:277,0
DA:278,0
DA:279,0
DA:280,0
DA:281,0
DA:282,0
DA:283,0
DA:284,0
DA:285,0
DA:286,0
DA:289,0
DA:290,0
DA:291,0
DA:292,0
DA:293,0
DA:294,0
DA:295,0
DA:296,0
DA:297,0
DA:299,0
DA:301,0
DA:302,0
DA:303,0
DA:304,0
DA:306,0
DA:307,0
DA:308,0
DA:309,0
BRDA:246,18,0,0
BRDA:246,24,0,0
BRDA:246,18,1,0
BRDA:246,24,1,0
BRDA:262,995,1,0
BRDA:267,457,0,0
BRDA:267,457,1,0
BRDA:271,544,0,0
BRDA:271,544,1,0
BRDA:275,631,0,0
BRDA:275,631,1,0
BRDA:279,718,0,0
BRDA:279,718,1,0
BRDA:283,802,0,0
BRDA:283,802,1,0
BRDA:262,343,1,0
BRDA:262,343,0,0
BRDA:262,995,0,0
LF:140
LH:0
BRF:72
BRH:0
FNF:20
FNH:0
end_of_record
SF:/Users/thornystefansdottir/Desktop/Verkefni/BlazorSkraWebApp/BlazorSkraApp1/Pages/Index.razor
FN:16,System.Threading.Tasks.Task`1<Microsoft.AspNetCore.Components.Authorization.AuthenticationState> BlazorSkraApp1.Pages.Index::get_AuthenticationStateTask()
FNDA:0,System.Threading.Tasks.Task`1<Microsoft.AspNetCore.Components.Authorization.AuthenticationState> BlazorSkraApp1.Pages.Index::get_AuthenticationStateTask()
DA:17,0
FN:31,System.Void BlazorSkraApp1.Pages.Index::NavigateToSearch(Microsoft.AspNetCore.Components.Web.KeyboardEventArgs)
FNDA:0,System.Void BlazorSkraApp1.Pages.Index::NavigateToSearch(Microsoft.AspNetCore.Components.Web.KeyboardEventArgs)
DA:32,0
DA:33,0
DA:34,0
DA:35,0
DA:36,0
DA:37,0
DA:38,0
BRDA:33,19,0,0
BRDA:33,19,1,0
FN:18,System.Void BlazorSkraApp1.Pages.Index::.ctor()
FNDA:0,System.Void BlazorSkraApp1.Pages.Index::.ctor()
DA:19,0
FN:21,System.Void BlazorSkraApp1.Pages.Index/<OnInitializedAsync>d__6::MoveNext()
FNDA:0,System.Void BlazorSkraApp1.Pages.Index/<OnInitializedAsync>d__6::MoveNext()
DA:22,0
DA:24,0
DA:25,0
DA:26,0
DA:27,0
DA:28,0
DA:29,0
BRDA:25,147,0,0
BRDA:25,147,1,0
BRDA:25,159,0,0
BRDA:25,159,1,0
BRDA:25,170,0,0
BRDA:25,170,1,0
BRDA:25,201,0,0
BRDA:25,201,1,0
LF:16
LH:0
BRF:10
BRH:0
FNF:4
FNH:0
end_of_record
SF:/Users/thornystefansdottir/Desktop/Verkefni/BlazorSkraWebApp/BlazorSkraApp1/Pages/Search.razor
FN:10,System.Void BlazorSkraApp1.Pages.Search::BuildRenderTree(Microsoft.AspNetCore.Components.Rendering.RenderTreeBuilder)
FNDA:0,System.Void BlazorSkraApp1.Pages.Search::BuildRenderTree(Microsoft.AspNetCore.Components.Rendering.RenderTreeBuilder)
DA:11,0
DA:12,0
DA:18,0
DA:19,0
DA:29,0
DA:30,0
DA:32,0
DA:37,0
DA:38,0
DA:40,0
DA:43,0
BRDA:11,12,0,0
BRDA:11,12,1,0
BRDA:29,757,1,0
BRDA:29,757,0,0
BRDA:37,1056,1,0
BRDA:37,1056,0,0
FN:48,System.String BlazorSkraApp1.Pages.Search::get_searchString()
FNDA:0,System.String BlazorSkraApp1.Pages.Search::get_searchString()
DA:49,0
FN:58,System.Void BlazorSkraApp1.Pages.Search/<OnInitializedAsync>d__7::MoveNext()
FNDA:0,System.Void BlazorSkraApp1.Pages.Search/<OnInitializedAsync>d__7::MoveNext()
DA:59,0
DA:60,0
DA:61,0
DA:62,0
BRDA:59,14,0,0
BRDA:59,14,1,0
FN:64,System.Void BlazorSkraApp1.Pages.Search/<SearchLists>d__8::MoveNext()
FNDA:0,System.Void BlazorSkraApp1.Pages.Search/<SearchLists>d__8::MoveNext()
DA:65,0
DA:67,0
DA:68,0
DA:69,0
DA:70,0
BRDA:65,14,0,0
BRDA:65,14,1,0
FN:72,System.Void BlazorSkraApp1.Pages.Search/<NavigateToSearch>d__9::MoveNext()
FNDA:0,System.Void BlazorSkraApp1.Pages.Search/<NavigateToSearch>d__9::MoveNext()
DA:73,0
DA:74,0
DA:75,0
DA:76,0
DA:78,0
DA:79,0
BRDA:74,38,0,0
BRDA:74,38,1,0
LF:27
LH:0
BRF:12
BRH:0
FNF:5
FNH:0
end_of_record
SF:/Users/thornystefansdottir/Desktop/Verkefni/BlazorSkraWebApp/BlazorSkraApp1/Pages/UserList.razor
FN:142,System.Void BlazorSkraApp1.Pages.UserList::ClosePopup()
FNDA:0,System.Void BlazorSkraApp1.Pages.UserList::ClosePopup()
DA:143,0
DA:145,0
DA:146,0
FN:166,System.Void BlazorSkraApp1.Pages.UserList::SelectUser(Microsoft.AspNetCore.Identity.IdentityUser)
FNDA:0,System.Void BlazorSkraApp1.Pages.UserList::SelectUser(Microsoft.AspNetCore.Identity.IdentityUser)
DA:167,0
DA:168,0
DA:169,0
FN:185,System.Void BlazorSkraApp1.Pages.UserList::MakeAdminHandler(Microsoft.AspNetCore.Identity.IdentityUser)
FNDA:0,System.Void BlazorSkraApp1.Pages.UserList::MakeAdminHandler(Microsoft.AspNetCore.Identity.IdentityUser)
DA:186,0
DA:187,0
DA:188,0
FN:190,System.Void BlazorSkraApp1.Pages.UserList::RemoveAdminHandler(Microsoft.AspNetCore.Identity.IdentityUser)
FNDA:0,System.Void BlazorSkraApp1.Pages.UserList::RemoveAdminHandler(Microsoft.AspNetCore.Identity.IdentityUser)
DA:191,0
DA:192,0
DA:193,0
FN:207,System.Void BlazorSkraApp1.Pages.UserList::SortUserEmails()
FNDA:0,System.Void BlazorSkraApp1.Pages.UserList::SortUserEmails()
DA:208,0
DA:209,0
DA:210,0
DA:211,0
DA:212,0
DA:213,0
DA:215,0
DA:216,0
DA:217,0
DA:218,0
DA:219,0
DA:220,0
BRDA:209,12,0,0
BRDA:211,28,0,0
BRDA:211,28,1,0
BRDA:209,12,1,0
BRDA:216,92,0,0
BRDA:216,92,1,0
FN:222,System.Void BlazorSkraApp1.Pages.UserList::AddNewUser()
FNDA:0,System.Void BlazorSkraApp1.Pages.UserList::AddNewUser()
DA:223,0
DA:225,0
DA:226,0
DA:229,0
DA:230,0
FN:10,System.Void BlazorSkraApp1.Pages.UserList::<BuildRenderTree>b__0_1(Microsoft.AspNetCore.Components.Rendering.RenderTreeBuilder)
FNDA:0,System.Void BlazorSkraApp1.Pages.UserList::<BuildRenderTree>b__0_1(Microsoft.AspNetCore.Components.Rendering.RenderTreeBuilder)
DA:11,0
DA:12,0
DA:18,0
DA:20,0
DA:41,0
DA:42,0
DA:46,0
DA:47,0
DA:48,0
DA:49,0
DA:51,0
DA:52,0
DA:53,0
DA:56,0
DA:57,0
DA:61,0
DA:63,0
DA:67,0
DA:75,0
DA:89,0
DA:90,0
DA:91,0
DA:127,0
BRDA:11,25,0,0
BRDA:11,25,1,0
BRDA:41,1948,1,0
BRDA:46,1228,0,0
BRDA:46,1228,1,0
BRDA:56,1364,0,0
BRDA:56,1364,1,0
BRDA:41,1948,0,0
BRDA:41,2265,0,0
BRDA:41,2265,1,0
BRDA:41,2336,0,0
BRDA:41,2336,1,0
BRDA:41,2381,0,0
BRDA:41,2381,1,0
BRDA:90,2444,0,0
BRDA:90,2444,1,0
FN:32,System.Void BlazorSkraApp1.Pages.UserList::<BuildRenderTree>b__0_3()
FNDA:0,System.Void BlazorSkraApp1.Pages.UserList::<BuildRenderTree>b__0_3()
DA:33,0
FN:112,System.Void BlazorSkraApp1.Pages.UserList::<BuildRenderTree>b__0_21(Microsoft.AspNetCore.Components.Rendering.RenderTreeBuilder)
FNDA:0,System.Void BlazorSkraApp1.Pages.UserList::<BuildRenderTree>b__0_21(Microsoft.AspNetCore.Components.Rendering.RenderTreeBuilder)
DA:113,0
DA:114,0
DA:116,0
BRDA:113,139,1,0
BRDA:113,139,0,0
FN:132,System.Void BlazorSkraApp1.Pages.UserList::.ctor()
FNDA:0,System.Void BlazorSkraApp1.Pages.UserList::.ctor()
DA:133,0
DA:135,0
DA:136,0
DA:139,0
DA:152,0
DA:155,0
FN:57,System.Void BlazorSkraApp1.Pages.UserList/<>c__DisplayClass0_0::<BuildRenderTree>b__9()
FNDA:0,System.Void BlazorSkraApp1.Pages.UserList/<>c__DisplayClass0_0::<BuildRenderTree>b__9()
DA:58,0
FN:63,System.Void BlazorSkraApp1.Pages.UserList/<>c__DisplayClass0_0::<BuildRenderTree>b__10()
FNDA:0,System.Void BlazorSkraApp1.Pages.UserList/<>c__DisplayClass0_0::<BuildRenderTree>b__10()
DA:64,0
FN:69,System.Void BlazorSkraApp1.Pages.UserList/<>c__DisplayClass0_0::<BuildRenderTree>b__11()
FNDA:0,System.Void BlazorSkraApp1.Pages.UserList/<>c__DisplayClass0_0::<BuildRenderTree>b__11()
DA:70,0
FN:158,System.Void BlazorSkraApp1.Pages.UserList/<OnInitializedAsync>d__12::MoveNext()
FNDA:0,System.Void BlazorSkraApp1.Pages.UserList/<OnInitializedAsync>d__12::MoveNext()
DA:159,0
DA:161,0
DA:163,0
DA:164,0
BRDA:159,14,0,0
BRDA:159,14,1,0
FN:171,System.Void BlazorSkraApp1.Pages.UserList/<DeleteUser>d__14::MoveNext()
FNDA:0,System.Void BlazorSkraApp1.Pages.UserList/<DeleteUser>d__14::MoveNext()
DA:172,0
DA:174,0
DA:175,0
DA:176,0
DA:177,0
DA:178,0
DA:179,0
DA:180,0
DA:182,0
DA:183,0
BRDA:172,17,0,0
BRDA:172,17,1,0
FN:195,System.Void BlazorSkraApp1.Pages.UserList/<SearchOnKeyUp>d__17::MoveNext()
FNDA:0,System.Void BlazorSkraApp1.Pages.UserList/<SearchOnKeyUp>d__17::MoveNext()
DA:196,0
DA:197,0
DA:198,0
FN:200,System.Void BlazorSkraApp1.Pages.UserList/<SearchUsers>d__18::MoveNext()
FNDA:0,System.Void BlazorSkraApp1.Pages.UserList/<SearchUsers>d__18::MoveNext()
DA:201,0
DA:203,0
DA:204,0
DA:205,0
FN:231,System.Void BlazorSkraApp1.Pages.UserList/<SaveUser>d__21::MoveNext()
FNDA:0,System.Void BlazorSkraApp1.Pages.UserList/<SaveUser>d__21::MoveNext()
DA:232,0
DA:234,0
DA:236,0
DA:237,0
DA:238,0
DA:239,0
DA:240,0
DA:242,0
DA:244,0
DA:245,0
DA:247,0
DA:248,0
DA:249,0
DA:251,0
DA:252,0
DA:253,0
DA:254,0
DA:255,0
DA:256,0
DA:258,0
DA:259,0
DA:260,0
DA:263,0
DA:266,0
DA:269,0
DA:270,0
DA:271,0
DA:272,0
DA:273,0
DA:274,0
DA:275,0
DA:276,0
BRDA:232,18,0,0
BRDA:232,24,0,0
BRDA:232,18,1,0
BRDA:244,276,0,0
BRDA:232,24,1,0
BRDA:244,276,1,0
BRDA:251,439,0,0
BRDA:253,465,0,0
BRDA:253,465,1,0
BRDA:251,439,1,0
LF:118
LH:0
BRF:38
BRH:0
FNF:18
FNH:0
end_of_record
SF:/Users/thornystefansdottir/Desktop/Verkefni/BlazorSkraWebApp/BlazorSkraApp1/Pages/UserSubmissions.razor
FN:9,System.Void BlazorSkraApp1.Pages.UserSubmissions::BuildRenderTree(Microsoft.AspNetCore.Components.Rendering.RenderTreeBuilder)
FNDA:0,System.Void BlazorSkraApp1.Pages.UserSubmissions::BuildRenderTree(Microsoft.AspNetCore.Components.Rendering.RenderTreeBuilder)
DA:10,0
DA:11,0
DA:17,0
DA:19,0
DA:53,0
BRDA:10,12,0,0
BRDA:10,12,1,0
FN:66,System.Boolean BlazorSkraApp1.Pages.UserSubmissions::GetForUser(BlazorSkraApp1.Data.Submissions,System.String)
FNDA:0,System.Boolean BlazorSkraApp1.Pages.UserSubmissions::GetForUser(BlazorSkraApp1.Data.Submissions,System.String)
DA:67,0
DA:68,0
DA:69,0
DA:70,0
DA:72,0
DA:73,0
DA:74,0
DA:75,0
DA:76,0
DA:78,0
DA:80,0
DA:81,0
DA:84,0
DA:85,0
DA:87,0
BRDA:68,38,0,0
BRDA:72,133,1,0
BRDA:74,117,0,0
BRDA:74,117,1,0
BRDA:72,133,0,0
BRDA:68,38,1,0
FN:89,System.Void BlazorSkraApp1.Pages.UserSubmissions::SortFormName()
FNDA:0,System.Void BlazorSkraApp1.Pages.UserSubmissions::SortFormName()
DA:90,0
DA:91,0
DA:92,0
DA:93,0
DA:94,0
DA:95,0
DA:97,0
DA:98,0
DA:99,0
DA:100,0
DA:101,0
DA:102,0
DA:103,0
BRDA:91,12,0,0
BRDA:93,28,0,0
BRDA:93,28,1,0
BRDA:91,12,1,0
BRDA:98,92,0,0
BRDA:98,92,1,0
FN:105,System.Void BlazorSkraApp1.Pages.UserSubmissions::SortDate()
FNDA:0,System.Void BlazorSkraApp1.Pages.UserSubmissions::SortDate()
DA:106,0
DA:107,0
DA:108,0
DA:109,0
DA:110,0
DA:111,0
DA:113,0
DA:114,0
DA:115,0
DA:116,0
DA:117,0
DA:118,0
DA:119,0
BRDA:107,12,0,0
BRDA:109,28,0,0
BRDA:109,28,1,0
BRDA:107,12,1,0
BRDA:114,92,0,0
BRDA:114,92,1,0
FN:121,System.Void BlazorSkraApp1.Pages.UserSubmissions::GeneratePDFFile(System.Int32,System.Int32,System.String)
FNDA:0,System.Void BlazorSkraApp1.Pages.UserSubmissions::GeneratePDFFile(System.Int32,System.Int32,System.String)
DA:122,0
DA:123,0
DA:124,0
DA:125,0
FN:26,System.Void BlazorSkraApp1.Pages.UserSubmissions::<BuildRenderTree>b__0_2()
FNDA:0,System.Void BlazorSkraApp1.Pages.UserSubmissions::<BuildRenderTree>b__0_2()
DA:27,0
FN:30,System.Void BlazorSkraApp1.Pages.UserSubmissions::<BuildRenderTree>b__0_3()
FNDA:0,System.Void BlazorSkraApp1.Pages.UserSubmissions::<BuildRenderTree>b__0_3()
DA:31,0
FN:55,System.Void BlazorSkraApp1.Pages.UserSubmissions::.ctor()
FNDA:0,System.Void BlazorSkraApp1.Pages.UserSubmissions::.ctor()
DA:56,0
DA:58,0
DA:59,0
FN:36,System.Void BlazorSkraApp1.Pages.UserSubmissions/<>c__DisplayClass0_0::<BuildRenderTree>b__1(Microsoft.AspNetCore.Components.Rendering.RenderTreeBuilder)
FNDA:0,System.Void BlazorSkraApp1.Pages.UserSubmissions/<>c__DisplayClass0_0::<BuildRenderTree>b__1(Microsoft.AspNetCore.Components.Rendering.RenderTreeBuilder)
DA:37,0
DA:38,0
DA:39,0
DA:40,0
DA:47,0
DA:48,0
BRDA:37,1169,1,0
BRDA:39,767,0,0
BRDA:39,767,1,0
BRDA:37,1169,0,0
FN:44,System.Void BlazorSkraApp1.Pages.UserSubmissions/<>c__DisplayClass0_1::<BuildRenderTree>b__4(Microsoft.AspNetCore.Components.Web.MouseEventArgs)
FNDA:0,System.Void BlazorSkraApp1.Pages.UserSubmissions/<>c__DisplayClass0_1::<BuildRenderTree>b__4(Microsoft.AspNetCore.Components.Web.MouseEventArgs)
DA:45,0
FN:61,System.Void BlazorSkraApp1.Pages.UserSubmissions/<OnInitializedAsync>d__5::MoveNext()
FNDA:0,System.Void BlazorSkraApp1.Pages.UserSubmissions/<OnInitializedAsync>d__5::MoveNext()
DA:62,0
DA:63,0
DA:64,0
LF:65
LH:0
BRF:24
BRH:0
FNF:11
FNH:0
end_of_record
SF:/Users/thornystefansdottir/Desktop/Verkefni/BlazorSkraWebApp/BlazorSkraApp1/Components/CategoryAddComponent.razor
FN:43,Microsoft.AspNetCore.Components.EventCallback`1<BlazorSkraApp1.Data.Categories> BlazorSkraApp1.Components.CategoryAddComponent::get_OnAdd()
FNDA:0,Microsoft.AspNetCore.Components.EventCallback`1<BlazorSkraApp1.Data.Categories> BlazorSkraApp1.Components.CategoryAddComponent::get_OnAdd()
DA:44,0
FN:46,System.Threading.Tasks.Task`1<Microsoft.AspNetCore.Components.Authorization.AuthenticationState> BlazorSkraApp1.Components.CategoryAddComponent::get_authenticationStateTask()
FNDA:0,System.Threading.Tasks.Task`1<Microsoft.AspNetCore.Components.Authorization.AuthenticationState> BlazorSkraApp1.Components.CategoryAddComponent::get_authenticationStateTask()
DA:47,0
FN:58,System.Void BlazorSkraApp1.Components.CategoryAddComponent::OnParametersSet()
FNDA:0,System.Void BlazorSkraApp1.Components.CategoryAddComponent::OnParametersSet()
DA:59,0
DA:60,0
DA:61,0
FN:52,System.Void BlazorSkraApp1.Components.CategoryAddComponent/<OnInitializedAsync>d__11::MoveNext()
FNDA:0,System.Void BlazorSkraApp1.Components.CategoryAddComponent/<OnInitializedAsync>d__11::MoveNext()
DA:53,0
DA:54,0
DA:55,0
DA:56,0
FN:63,System.Void BlazorSkraApp1.Components.CategoryAddComponent/<AddCategory>d__13::MoveNext()
FNDA:0,System.Void BlazorSkraApp1.Components.CategoryAddComponent/<AddCategory>d__13::MoveNext()
DA:64,0
DA:66,0
DA:68,0
DA:72,0
DA:74,0
DA:78,0
DA:80,0
DA:81,0
DA:82,0
DA:84,0
DA:85,0
BRDA:64,18,0,0
BRDA:64,18,1,0
BRDA:64,18,2,0
BRDA:64,18,3,0
FN:88,System.Void BlazorSkraApp1.Components.CategoryAddComponent/<CloseModal>d__14::MoveNext()
FNDA:0,System.Void BlazorSkraApp1.Components.CategoryAddComponent/<CloseModal>d__14::MoveNext()
DA:89,0
DA:90,0
DA:91,0
BRDA:90,67,0,0
BRDA:90,67,1,0
LF:23
LH:0
BRF:6
BRH:0
FNF:6
FNH:0
end_of_record
SF:/Users/thornystefansdottir/Desktop/Verkefni/BlazorSkraWebApp/BlazorSkraApp1/Components/CategoryEditComponent.razor
FN:50,System.Threading.Tasks.Task`1<Microsoft.AspNetCore.Components.Authorization.AuthenticationState> BlazorSkraApp1.Components.CategoryEditComponent::get_authenticationStateTask()
FNDA:0,System.Threading.Tasks.Task`1<Microsoft.AspNetCore.Components.Authorization.AuthenticationState> BlazorSkraApp1.Components.CategoryEditComponent::get_authenticationStateTask()
DA:51,0
FN:52,Microsoft.AspNetCore.Components.EventCallback`1<BlazorSkraApp1.Data.Categories> BlazorSkraApp1.Components.CategoryEditComponent::get_OnEdit()
FNDA:0,Microsoft.AspNetCore.Components.EventCallback`1<BlazorSkraApp1.Data.Categories> BlazorSkraApp1.Components.CategoryEditComponent::get_OnEdit()
DA:53,0
FN:54,Microsoft.AspNetCore.Components.EventCallback`1<BlazorSkraApp1.Data.Categories> BlazorSkraApp1.Components.CategoryEditComponent::get_OnDelete()
FNDA:0,Microsoft.AspNetCore.Components.EventCallback`1<BlazorSkraApp1.Data.Categories> BlazorSkraApp1.Components.CategoryEditComponent::get_OnDelete()
DA:55,0
FN:56,BlazorSkraApp1.Data.Categories BlazorSkraApp1.Components.CategoryEditComponent::get_selectedCategory()
FNDA:0,BlazorSkraApp1.Data.Categories BlazorSkraApp1.Components.CategoryEditComponent::get_selectedCategory()
DA:57,0
FN:67,System.Void BlazorSkraApp1.Components.CategoryEditComponent::OnParametersSet()
FNDA:0,System.Void BlazorSkraApp1.Components.CategoryEditComponent::OnParametersSet()
DA:68,0
DA:69,0
DA:70,0
DA:71,0
FN:61,System.Void BlazorSkraApp1.Components.CategoryEditComponent/<OnInitializedAsync>d__19::MoveNext()
FNDA:0,System.Void BlazorSkraApp1.Components.CategoryEditComponent/<OnInitializedAsync>d__19::MoveNext()
DA:62,0
DA:63,0
DA:64,0
FN:73,System.Void BlazorSkraApp1.Components.CategoryEditComponent/<EditCategory>d__21::MoveNext()
FNDA:0,System.Void BlazorSkraApp1.Components.CategoryEditComponent/<EditCategory>d__21::MoveNext()
DA:74,0
DA:76,0
DA:78,0
DA:79,0
DA:82,0
DA:85,0
DA:87,0
DA:88,0
DA:90,0
DA:91,0
DA:92,0
DA:95,0
DA:96,0
DA:97,0
DA:100,0
DA:101,0
BRDA:74,18,0,0
BRDA:74,18,1,0
BRDA:74,18,2,0
BRDA:74,18,3,0
FN:103,System.Void BlazorSkraApp1.Components.CategoryEditComponent/<DeleteCategoryHandler>d__22::MoveNext()
FNDA:0,System.Void BlazorSkraApp1.Components.CategoryEditComponent/<DeleteCategoryHandler>d__22::MoveNext()
DA:104,0
DA:106,0
DA:108,0
DA:111,0
DA:112,0
DA:113,0
DA:114,0
DA:116,0
DA:119,0
DA:120,0
DA:121,0
DA:122,0
DA:123,0
DA:125,0
DA:126,0
BRDA:104,18,0,0
BRDA:104,18,1,0
BRDA:104,18,2,0
BRDA:111,391,1,0
BRDA:111,226,1,0
BRDA:111,226,0,0
BRDA:111,391,0,0
BRDA:104,18,3,0
BRDA:104,18,4,0
FN:129,System.Void BlazorSkraApp1.Components.CategoryEditComponent/<CloseModal>d__23::MoveNext()
FNDA:0,System.Void BlazorSkraApp1.Components.CategoryEditComponent/<CloseModal>d__23::MoveNext()
DA:130,0
DA:131,0
DA:132,0
BRDA:131,67,0,0
BRDA:131,67,1,0
LF:45
LH:0
BRF:15
BRH:0
FNF:9
FNH:0
end_of_record
SF:/Users/thornystefansdottir/Desktop/Verkefni/BlazorSkraWebApp/BlazorSkraApp1/Components/CategoryViewComponent.razor
FN:5,System.Void BlazorSkraApp1.Components.CategoryViewComponent::BuildRenderTree(Microsoft.AspNetCore.Components.Rendering.RenderTreeBuilder)
FNDA:0,System.Void BlazorSkraApp1.Components.CategoryViewComponent::BuildRenderTree(Microsoft.AspNetCore.Components.Rendering.RenderTreeBuilder)
DA:6,0
DA:7,0
DA:13,0
DA:14,0
DA:15,0
DA:29,0
DA:31,0
DA:40,0
DA:41,0
DA:57,0
DA:58,0
BRDA:6,12,0,0
BRDA:6,12,1,0
BRDA:14,63,0,0
BRDA:15,121,0,0
BRDA:15,121,1,0
BRDA:15,166,0,0
BRDA:15,166,1,0
BRDA:14,63,1,0
BRDA:31,281,0,0
BRDA:31,281,1,0
BRDA:40,890,1,0
BRDA:40,890,0,0
FN:77,System.Void BlazorSkraApp1.Components.CategoryViewComponent::SelectCategory(BlazorSkraApp1.Data.Categories)
FNDA:0,System.Void BlazorSkraApp1.Components.CategoryViewComponent::SelectCategory(BlazorSkraApp1.Data.Categories)
DA:78,0
DA:79,0
DA:80,0
FN:82,System.Void BlazorSkraApp1.Components.CategoryViewComponent::AddCategoryHandler(BlazorSkraApp1.Data.Categories)
FNDA:0,System.Void BlazorSkraApp1.Components.CategoryViewComponent::AddCategoryHandler(BlazorSkraApp1.Data.Categories)
DA:83,0
DA:84,0
DA:85,0
FN:87,System.Void BlazorSkraApp1.Components.CategoryViewComponent::EditCategoryHandler(BlazorSkraApp1.Data.Categories)
FNDA:0,System.Void BlazorSkraApp1.Components.CategoryViewComponent::EditCategoryHandler(BlazorSkraApp1.Data.Categories)
DA:88,0
DA:91,0
DA:92,0
DA:94,0
DA:95,0
DA:96,0
DA:97,0
DA:98,0
DA:99,0
DA:100,0
DA:102,0
DA:103,0
BRDA:94,45,0,0
BRDA:94,45,1,0
FN:105,System.Void BlazorSkraApp1.Components.CategoryViewComponent::DeleteCategoryHandler()
FNDA:0,System.Void BlazorSkraApp1.Components.CategoryViewComponent::DeleteCategoryHandler()
DA:106,0
DA:107,0
DA:108,0
FN:68,System.Void BlazorSkraApp1.Components.CategoryViewComponent::.ctor()
FNDA:0,System.Void BlazorSkraApp1.Components.CategoryViewComponent::.ctor()
DA:69,0
FN:44,System.Void BlazorSkraApp1.Components.CategoryViewComponent/<>c__DisplayClass0_0::<BuildRenderTree>b__8()
FNDA:0,System.Void BlazorSkraApp1.Components.CategoryViewComponent/<>c__DisplayClass0_0::<BuildRenderTree>b__8()
DA:45,0
FN:71,System.Void BlazorSkraApp1.Components.CategoryViewComponent/<OnInitializedAsync>d__3::MoveNext()
FNDA:0,System.Void BlazorSkraApp1.Components.CategoryViewComponent/<OnInitializedAsync>d__3::MoveNext()
DA:72,0
DA:74,0
DA:75,0
LF:37
LH:0
BRF:14
BRH:0
FNF:8
FNH:0
end_of_record
SF:/Users/thornystefansdottir/Desktop/Verkefni/BlazorSkraWebApp/BlazorSkraApp1/Components/ConfirmationModalComponent.razor
FN:26,Microsoft.AspNetCore.Components.EventCallback`1<Microsoft.AspNetCore.Components.Web.MouseEventArgs> BlazorSkraApp1.Components.ConfirmationModalComponent::get_OnClick()
FNDA:0,Microsoft.AspNetCore.Components.EventCallback`1<Microsoft.AspNetCore.Components.Web.MouseEventArgs> BlazorSkraApp1.Components.ConfirmationModalComponent::get_OnClick()
DA:27,0
FN:28,Microsoft.AspNetCore.Components.RenderFragment BlazorSkraApp1.Components.ConfirmationModalComponent::get_CustomHeader()
FNDA:0,Microsoft.AspNetCore.Components.RenderFragment BlazorSkraApp1.Components.ConfirmationModalComponent::get_CustomHeader()
DA:29,0
FN:30,Microsoft.AspNetCore.Components.RenderFragment BlazorSkraApp1.Components.ConfirmationModalComponent::get_CustomBody()
FNDA:0,Microsoft.AspNetCore.Components.RenderFragment BlazorSkraApp1.Components.ConfirmationModalComponent::get_CustomBody()
DA:31,0
FN:32,Microsoft.AspNetCore.Components.RenderFragment BlazorSkraApp1.Components.ConfirmationModalComponent::get_CustomButtonText()
FNDA:0,Microsoft.AspNetCore.Components.RenderFragment BlazorSkraApp1.Components.ConfirmationModalComponent::get_CustomButtonText()
DA:33,0
FN:34,Microsoft.AspNetCore.Components.RenderFragment BlazorSkraApp1.Components.ConfirmationModalComponent::get_CustomCloseButtonText()
FNDA:0,Microsoft.AspNetCore.Components.RenderFragment BlazorSkraApp1.Components.ConfirmationModalComponent::get_CustomCloseButtonText()
DA:35,0
LF:5
LH:0
BRF:0
BRH:0
FNF:5
FNH:0
end_of_record
SF:/Users/thornystefansdottir/Desktop/Verkefni/BlazorSkraWebApp/BlazorSkraApp1/Components/FormEditComponent.razor
FN:14,System.Void BlazorSkraApp1.Components.FormEditComponent::BuildRenderTree(Microsoft.AspNetCore.Components.Rendering.RenderTreeBuilder)
FNDA:0,System.Void BlazorSkraApp1.Components.FormEditComponent::BuildRenderTree(Microsoft.AspNetCore.Components.Rendering.RenderTreeBuilder)
DA:15,0
DA:16,0
DA:22,0
DA:24,0
DA:157,0
BRDA:15,12,0,0
BRDA:15,12,1,0
FN:160,System.Nullable`1<System.Int32> BlazorSkraApp1.Components.FormEditComponent::get_formIdParameter()
FNDA:0,System.Nullable`1<System.Int32> BlazorSkraApp1.Components.FormEditComponent::get_formIdParameter()
DA:161,0
FN:162,BlazorSkraApp1.Models.ViewModels.FormsViewModel BlazorSkraApp1.Components.FormEditComponent::get_formParameter()
FNDA:0,BlazorSkraApp1.Models.ViewModels.FormsViewModel BlazorSkraApp1.Components.FormEditComponent::get_formParameter()
DA:163,0
FN:164,System.String BlazorSkraApp1.Components.FormEditComponent::get_selectedCategoryId()
FNDA:0,System.String BlazorSkraApp1.Components.FormEditComponent::get_selectedCategoryId()
DA:165,0
FN:166,Microsoft.AspNetCore.Components.EventCallback`1<BlazorSkraApp1.Models.InputModels.FormsInputModel> BlazorSkraApp1.Components.FormEditComponent::get_OnEdit()
FNDA:0,Microsoft.AspNetCore.Components.EventCallback`1<BlazorSkraApp1.Models.InputModels.FormsInputModel> BlazorSkraApp1.Components.FormEditComponent::get_OnEdit()
DA:167,0
FN:168,Microsoft.AspNetCore.Components.RenderFragment BlazorSkraApp1.Components.FormEditComponent::get_CustomButtonText()
FNDA:0,Microsoft.AspNetCore.Components.RenderFragment BlazorSkraApp1.Components.FormEditComponent::get_CustomButtonText()
DA:169,0
FN:210,System.Void BlazorSkraApp1.Components.FormEditComponent::SaveAnonymousValue(System.Boolean)
FNDA:0,System.Void BlazorSkraApp1.Components.FormEditComponent::SaveAnonymousValue(System.Boolean)
DA:211,0
DA:212,0
DA:213,0
DA:214,0
DA:215,0
DA:216,0
DA:217,0
DA:218,0
DA:219,0
BRDA:212,4,0,0
BRDA:212,4,1,0
FN:221,System.Void BlazorSkraApp1.Components.FormEditComponent::AddQuestion()
FNDA:0,System.Void BlazorSkraApp1.Components.FormEditComponent::AddQuestion()
DA:222,0
DA:223,0
DA:224,0
DA:225,0
DA:226,0
DA:227,0
DA:228,0
DA:229,0
FN:231,System.Void BlazorSkraApp1.Components.FormEditComponent::RemoveQuestion(BlazorSkraApp1.Models.InputModels.QuestionsInputModel)
FNDA:0,System.Void BlazorSkraApp1.Components.FormEditComponent::RemoveQuestion(BlazorSkraApp1.Models.InputModels.QuestionsInputModel)
DA:232,0
DA:233,0
DA:234,0
DA:235,0
DA:236,0
FN:238,System.Void BlazorSkraApp1.Components.FormEditComponent::AddOption(BlazorSkraApp1.Models.InputModels.QuestionsInputModel)
FNDA:0,System.Void BlazorSkraApp1.Components.FormEditComponent::AddOption(BlazorSkraApp1.Models.InputModels.QuestionsInputModel)
DA:239,0
DA:240,0
DA:241,0
DA:242,0
DA:243,0
FN:245,System.Void BlazorSkraApp1.Components.FormEditComponent::RemoveOption(BlazorSkraApp1.Models.InputModels.QuestionsInputModel,BlazorSkraApp1.Models.InputModels.OptionsInputModel)
FNDA:0,System.Void BlazorSkraApp1.Components.FormEditComponent::RemoveOption(BlazorSkraApp1.Models.InputModels.QuestionsInputModel,BlazorSkraApp1.Models.InputModels.OptionsInputModel)
DA:246,0
DA:248,0
DA:250,0
DA:251,0
DA:252,0
FN:284,System.Void BlazorSkraApp1.Components.FormEditComponent::PopulateInputModel(BlazorSkraApp1.Models.ViewModels.FormsViewModel)
FNDA:0,System.Void BlazorSkraApp1.Components.FormEditComponent::PopulateInputModel(BlazorSkraApp1.Models.ViewModels.FormsViewModel)
DA:285,0
DA:287,0
DA:288,0
DA:289,0
DA:291,0
DA:292,0
DA:293,0
DA:294,0
DA:295,0
DA:296,0
DA:297,0
DA:298,0
DA:299,0
DA:300,0
DA:301,0
DA:302,0
DA:303,0
DA:304,0
DA:305,0
BRDA:291,257,1,0
BRDA:297,212,1,0
BRDA:297,212,0,0
BRDA:291,257,0,0
FN:74,System.Void BlazorSkraApp1.Components.FormEditComponent::<BuildRenderTree>b__0_1(Microsoft.AspNetCore.Components.Rendering.RenderTreeBuilder)
FNDA:0,System.Void BlazorSkraApp1.Components.FormEditComponent::<BuildRenderTree>b__0_1(Microsoft.AspNetCore.Components.Rendering.RenderTreeBuilder)
DA:75,0
DA:76,0
DA:80,0
DA:81,0
DA:85,0
DA:115,0
DA:116,0
DA:117,0
DA:118,0
DA:126,0
DA:127,0
DA:131,0
DA:133,0
DA:139,0
DA:142,0
BRDA:75,4384,1,0
BRDA:80,1873,0,0
BRDA:80,1873,1,0
BRDA:115,3127,0,0
BRDA:115,3127,1,0
BRDA:115,3155,0,0
BRDA:117,4027,1,0
BRDA:126,3794,0,0
BRDA:126,3794,1,0
BRDA:117,4027,0,0
BRDA:115,3155,1,0
BRDA:75,4384,0,0
FN:42,System.Void BlazorSkraApp1.Components.FormEditComponent::<BuildRenderTree>b__0_7(Microsoft.AspNetCore.Components.Rendering.RenderTreeBuilder)
FNDA:0,System.Void BlazorSkraApp1.Components.FormEditComponent::<BuildRenderTree>b__0_7(Microsoft.AspNetCore.Components.Rendering.RenderTreeBuilder)
DA:43,0
DA:44,0
DA:46,0
DA:48,0
DA:49,0
DA:50,0
DA:52,0
DA:53,0
BRDA:43,40,0,0
BRDA:43,40,1,0
BRDA:49,199,1,0
BRDA:49,199,0,0
FN:70,System.Void BlazorSkraApp1.Components.FormEditComponent::<BuildRenderTree>b__0_12(Microsoft.AspNetCore.Components.ChangeEventArgs)
FNDA:0,System.Void BlazorSkraApp1.Components.FormEditComponent::<BuildRenderTree>b__0_12(Microsoft.AspNetCore.Components.ChangeEventArgs)
DA:71,0
FN:97,System.Void BlazorSkraApp1.Components.FormEditComponent::<BuildRenderTree>b__0_20(Microsoft.AspNetCore.Components.Rendering.RenderTreeBuilder)
FNDA:0,System.Void BlazorSkraApp1.Components.FormEditComponent::<BuildRenderTree>b__0_20(Microsoft.AspNetCore.Components.Rendering.RenderTreeBuilder)
DA:98,0
DA:99,0
DA:101,0
DA:103,0
DA:104,0
DA:105,0
DA:107,0
DA:108,0
BRDA:98,46,0,0
BRDA:98,46,1,0
BRDA:104,226,1,0
BRDA:104,226,0,0
FN:146,System.Void BlazorSkraApp1.Components.FormEditComponent::<BuildRenderTree>b__0_13()
FNDA:0,System.Void BlazorSkraApp1.Components.FormEditComponent::<BuildRenderTree>b__0_13()
DA:147,0
FN:81,System.Void BlazorSkraApp1.Components.FormEditComponent/<>c__DisplayClass0_0::<BuildRenderTree>b__14()
FNDA:0,System.Void BlazorSkraApp1.Components.FormEditComponent/<>c__DisplayClass0_0::<BuildRenderTree>b__14()
DA:82,0
FN:134,System.Void BlazorSkraApp1.Components.FormEditComponent/<>c__DisplayClass0_0::<BuildRenderTree>b__22()
FNDA:0,System.Void BlazorSkraApp1.Components.FormEditComponent/<>c__DisplayClass0_0::<BuildRenderTree>b__22()
DA:135,0
FN:127,System.Void BlazorSkraApp1.Components.FormEditComponent/<>c__DisplayClass0_1::<BuildRenderTree>b__26()
FNDA:0,System.Void BlazorSkraApp1.Components.FormEditComponent/<>c__DisplayClass0_1::<BuildRenderTree>b__26()
DA:128,0
FN:176,System.Void BlazorSkraApp1.Components.FormEditComponent/<OnInitializedAsync>d__25::MoveNext()
FNDA:0,System.Void BlazorSkraApp1.Components.FormEditComponent/<OnInitializedAsync>d__25::MoveNext()
DA:177,0
DA:178,0
DA:179,0
DA:180,0
DA:181,0
DA:183,0
DA:184,0
DA:185,0
DA:186,0
DA:188,0
DA:189,0
DA:190,0
DA:191,0
DA:192,0
DA:193,0
DA:194,0
DA:195,0
DA:196,0
DA:197,0
DA:199,0
DA:200,0
DA:201,0
DA:202,0
DA:203,0
DA:204,0
DA:205,0
DA:207,0
DA:208,0
BRDA:183,366,0,0
BRDA:183,366,1,0
BRDA:188,422,0,0
BRDA:188,422,1,0
BRDA:194,642,0,0
BRDA:194,642,1,0
FN:254,System.Void BlazorSkraApp1.Components.FormEditComponent/<CreateForm>d__31::MoveNext()
FNDA:0,System.Void BlazorSkraApp1.Components.FormEditComponent/<CreateForm>d__31::MoveNext()
DA:255,0
DA:257,0
DA:258,0
DA:259,0
DA:260,0
DA:261,0
DA:262,0
DA:263,0
DA:265,0
DA:266,0
DA:268,0
DA:269,0
DA:271,0
DA:273,0
DA:274,0
DA:275,0
DA:276,0
DA:277,0
DA:278,0
DA:279,0
DA:280,0
DA:281,0
DA:282,0
BRDA:257,155,1,0
BRDA:259,87,0,0
BRDA:259,87,1,0
BRDA:259,115,0,0
BRDA:259,115,1,0
BRDA:257,155,0,0
BRDA:265,212,0,0
BRDA:265,212,1,0
BRDA:273,513,1,0
BRDA:275,416,0,0
BRDA:275,416,1,0
BRDA:275,446,0,0
BRDA:275,446,1,0
BRDA:273,513,0,0
LF:148
LH:0
BRF:48
BRH:0
FNF:22
FNH:0
end_of_record
SF:/Users/thornystefansdottir/Desktop/Verkefni/BlazorSkraWebApp/BlazorSkraApp1/Components/FormViewComponent.razor
FN:4,System.Void BlazorSkraApp1.Components.FormViewComponent::BuildRenderTree(Microsoft.AspNetCore.Components.Rendering.RenderTreeBuilder)
FNDA:0,System.Void BlazorSkraApp1.Components.FormViewComponent::BuildRenderTree(Microsoft.AspNetCore.Components.Rendering.RenderTreeBuilder)
DA:5,0
DA:6,0
DA:8,0
DA:10,0
DA:18,0
DA:19,0
DA:27,0
DA:28,0
DA:30,0
DA:31,0
DA:32,0
DA:34,0
DA:35,0
DA:36,0
DA:38,0
DA:39,0
DA:42,0
DA:44,0
DA:45,0
DA:46,0
DA:47,0
DA:48,0
DA:51,0
DA:52,0
DA:53,0
DA:54,0
DA:56,0
DA:58,0
DA:60,0
DA:63,0
DA:67,0
BRDA:5,12,0,0
BRDA:5,12,1,0
BRDA:18,1702,1,0
BRDA:27,804,0,0
BRDA:27,804,1,0
BRDA:31,840,0,0
BRDA:31,840,1,0
BRDA:35,876,0,0
BRDA:38,1174,1,0
BRDA:38,1174,0,0
BRDA:35,876,1,0
BRDA:45,1250,0,0
BRDA:47,1475,1,0
BRDA:47,1475,0,0
BRDA:45,1250,1,0
BRDA:53,1516,0,0
BRDA:53,1516,1,0
BRDA:18,1702,0,0
FN:70,BlazorSkraApp1.Models.ViewModels.FormsViewModel BlazorSkraApp1.Components.FormViewComponent::get_Form()
FNDA:0,BlazorSkraApp1.Models.ViewModels.FormsViewModel BlazorSkraApp1.Components.FormViewComponent::get_Form()
DA:71,0
FN:72,System.DateTime BlazorSkraApp1.Components.FormViewComponent::get_SelectedDate()
FNDA:0,System.DateTime BlazorSkraApp1.Components.FormViewComponent::get_SelectedDate()
DA:73,0
FN:75,System.Void BlazorSkraApp1.Components.FormViewComponent::OnDateSelected(System.DateTime)
FNDA:0,System.Void BlazorSkraApp1.Components.FormViewComponent::OnDateSelected(System.DateTime)
DA:76,0
DA:77,0
DA:78,0
LF:36
LH:0
BRF:18
BRH:0
FNF:4
FNH:0
end_of_record
SF:/Users/thornystefansdottir/Desktop/Verkefni/BlazorSkraWebApp/BlazorSkraApp1/Components/InputRadioComponent.razor
FN:12,TValue BlazorSkraApp1.Components.InputRadioComponent`1::get_SelectedValue()
FNDA:0,TValue BlazorSkraApp1.Components.InputRadioComponent`1::get_SelectedValue()
DA:13,0
FN:15,System.Void BlazorSkraApp1.Components.InputRadioComponent`1::OnChange(Microsoft.AspNetCore.Components.ChangeEventArgs)
FNDA:0,System.Void BlazorSkraApp1.Components.InputRadioComponent`1::OnChange(Microsoft.AspNetCore.Components.ChangeEventArgs)
DA:16,0
DA:17,0
DA:18,0
FN:21,System.Boolean BlazorSkraApp1.Components.InputRadioComponent`1::TryParseValueFromString(System.String,TValue&,System.String&)
FNDA:0,System.Boolean BlazorSkraApp1.Components.InputRadioComponent`1::TryParseValueFromString(System.String,TValue&,System.String&)
DA:22,0
DA:23,0
DA:24,0
DA:25,0
DA:26,0
DA:27,0
DA:28,0
DA:30,0
DA:33,0
DA:34,0
DA:35,0
DA:37,0
DA:39,0
BRDA:25,18,0,0
BRDA:25,18,1,0
LF:17
LH:0
BRF:2
BRH:0
FNF:3
FNH:0
end_of_record
SF:/Users/thornystefansdottir/Desktop/Verkefni/BlazorSkraWebApp/BlazorSkraApp1/Components/UserAdminRoleToggleComponent.razor
FN:51,Microsoft.AspNetCore.Components.EventCallback`1<Microsoft.AspNetCore.Identity.IdentityUser> BlazorSkraApp1.Components.UserAdminRoleToggleComponent::get_OnMakeAdmin()
FNDA:0,Microsoft.AspNetCore.Components.EventCallback`1<Microsoft.AspNetCore.Identity.IdentityUser> BlazorSkraApp1.Components.UserAdminRoleToggleComponent::get_OnMakeAdmin()
DA:52,0
FN:53,Microsoft.AspNetCore.Components.EventCallback`1<Microsoft.AspNetCore.Identity.IdentityUser> BlazorSkraApp1.Components.UserAdminRoleToggleComponent::get_OnRemoveAdmin()
FNDA:0,Microsoft.AspNetCore.Components.EventCallback`1<Microsoft.AspNetCore.Identity.IdentityUser> BlazorSkraApp1.Components.UserAdminRoleToggleComponent::get_OnRemoveAdmin()
DA:54,0
FN:55,Microsoft.AspNetCore.Identity.IdentityUser BlazorSkraApp1.Components.UserAdminRoleToggleComponent::get_selectedUser()
FNDA:0,Microsoft.AspNetCore.Identity.IdentityUser BlazorSkraApp1.Components.UserAdminRoleToggleComponent::get_selectedUser()
DA:56,0
FN:59,System.Void BlazorSkraApp1.Components.UserAdminRoleToggleComponent/<MakeAdmin>d__13::MoveNext()
FNDA:0,System.Void BlazorSkraApp1.Components.UserAdminRoleToggleComponent/<MakeAdmin>d__13::MoveNext()
DA:60,0
DA:62,0
DA:65,0
DA:66,0
BRDA:60,14,0,0
BRDA:60,14,1,0
FN:69,System.Void BlazorSkraApp1.Components.UserAdminRoleToggleComponent/<RemoveAdmin>d__14::MoveNext()
FNDA:0,System.Void BlazorSkraApp1.Components.UserAdminRoleToggleComponent/<RemoveAdmin>d__14::MoveNext()
DA:70,0
DA:72,0
DA:75,0
DA:76,0
BRDA:70,14,0,0
BRDA:70,14,1,0
LF:11
LH:0
BRF:4
BRH:0
FNF:5
FNH:0
end_of_record
SF:/Users/thornystefansdottir/Desktop/Verkefni/BlazorSkraWebApp/BlazorSkraApp1/Services/AdminService.cs
FN:29,System.Void BlazorSkraApp1.Services.AdminService::.ctor(BlazorSkraApp1.Data.ApplicationDbContext,Microsoft.AspNetCore.Identity.UserManager`1<Microsoft.AspNetCore.Identity.IdentityUser>)
FNDA:0,System.Void BlazorSkraApp1.Services.AdminService::.ctor(BlazorSkraApp1.Data.ApplicationDbContext,Microsoft.AspNetCore.Identity.UserManager`1<Microsoft.AspNetCore.Identity.IdentityUser>)
DA:30,0
DA:31,0
DA:32,0
DA:33,0
DA:34,0
FN:36,System.Void BlazorSkraApp1.Services.AdminService/<Get>d__3::MoveNext()
FNDA:0,System.Void BlazorSkraApp1.Services.AdminService/<Get>d__3::MoveNext()
DA:37,0
DA:38,0
DA:39,0
DA:40,0
FN:43,System.Void BlazorSkraApp1.Services.AdminService/<Get>d__4::MoveNext()
FNDA:0,System.Void BlazorSkraApp1.Services.AdminService/<Get>d__4::MoveNext()
DA:44,0
DA:45,0
DA:46,0
DA:47,0
FN:49,System.Void BlazorSkraApp1.Services.AdminService/<GetSearchList>d__5::MoveNext()
FNDA:0,System.Void BlazorSkraApp1.Services.AdminService/<GetSearchList>d__5::MoveNext()
DA:50,0
DA:51,0
DA:52,0
DA:53,0
FN:103,Microsoft.AspNetCore.Identity.IdentityUser BlazorSkraApp1.Services.AdminService/<>c::<GetAdminUsers>b__12_0(Microsoft.AspNetCore.Identity.IdentityUser)
FNDA:0,Microsoft.AspNetCore.Identity.IdentityUser BlazorSkraApp1.Services.AdminService/<>c::<GetAdminUsers>b__12_0(Microsoft.AspNetCore.Identity.IdentityUser)
DA:104,0
FN:55,System.Void BlazorSkraApp1.Services.AdminService/<GetSortedList>d__6::MoveNext()
FNDA:0,System.Void BlazorSkraApp1.Services.AdminService/<GetSortedList>d__6::MoveNext()
DA:56,0
DA:57,0
DA:58,0
DA:59,0
FN:62,System.Void BlazorSkraApp1.Services.AdminService/<Add>d__7::MoveNext()
FNDA:0,System.Void BlazorSkraApp1.Services.AdminService/<Add>d__7::MoveNext()
DA:63,0
DA:64,0
DA:65,0
DA:66,0
FN:69,System.Void BlazorSkraApp1.Services.AdminService/<Update>d__8::MoveNext()
FNDA:0,System.Void BlazorSkraApp1.Services.AdminService/<Update>d__8::MoveNext()
DA:70,0
DA:72,0
DA:76,0
DA:77,0
FN:80,System.Void BlazorSkraApp1.Services.AdminService/<Delete>d__9::MoveNext()
FNDA:0,System.Void BlazorSkraApp1.Services.AdminService/<Delete>d__9::MoveNext()
DA:81,0
DA:82,0
DA:83,0
DA:84,0
FN:87,System.Void BlazorSkraApp1.Services.AdminService/<AddAdminRole>d__10::MoveNext()
FNDA:0,System.Void BlazorSkraApp1.Services.AdminService/<AddAdminRole>d__10::MoveNext()
DA:88,0
DA:89,0
DA:90,0
DA:91,0
FN:94,System.Void BlazorSkraApp1.Services.AdminService/<RemoveAdminRole>d__11::MoveNext()
FNDA:0,System.Void BlazorSkraApp1.Services.AdminService/<RemoveAdminRole>d__11::MoveNext()
DA:95,0
DA:96,0
DA:97,0
DA:98,0
FN:101,System.Void BlazorSkraApp1.Services.AdminService/<GetAdminUsers>d__12::MoveNext()
FNDA:0,System.Void BlazorSkraApp1.Services.AdminService/<GetAdminUsers>d__12::MoveNext()
DA:102,0
DA:103,0
DA:105,0
DA:106,0
BRDA:103,144,0,0
BRDA:103,144,1,0
FN:109,System.Void BlazorSkraApp1.Services.AdminService/<GetRoles>d__13::MoveNext()
FNDA:0,System.Void BlazorSkraApp1.Services.AdminService/<GetRoles>d__13::MoveNext()
DA:110,0
DA:111,0
DA:113,0
DA:114,0
DA:115,0
LF:51
LH:0
BRF:2
BRH:0
FNF:13
FNH:0
end_of_record
SF:/Users/thornystefansdottir/Desktop/Verkefni/BlazorSkraWebApp/BlazorSkraApp1/Services/CategoriesAssignmentsService.cs
FN:22,System.Void BlazorSkraApp1.Services.CategoriesAssignmentsService::.ctor(BlazorSkraApp1.Data.ApplicationDbContext)
FNDA:4,System.Void BlazorSkraApp1.Services.CategoriesAssignmentsService::.ctor(BlazorSkraApp1.Data.ApplicationDbContext)
DA:23,4
DA:24,4
DA:25,4
DA:26,4
FN:29,System.Void BlazorSkraApp1.Services.CategoriesAssignmentsService/<Get>d__2::MoveNext()
FNDA:1,System.Void BlazorSkraApp1.Services.CategoriesAssignmentsService/<Get>d__2::MoveNext()
DA:30,1
DA:31,1
DA:32,1
DA:33,1
DA:34,1
DA:35,1
FN:38,System.Void BlazorSkraApp1.Services.CategoriesAssignmentsService/<Get>d__3::MoveNext()
FNDA:1,System.Void BlazorSkraApp1.Services.CategoriesAssignmentsService/<Get>d__3::MoveNext()
DA:39,1
DA:40,1
DA:41,1
DA:42,1
DA:43,1
DA:44,1
DA:45,1
DA:46,1
DA:47,1
FN:50,System.Void BlazorSkraApp1.Services.CategoriesAssignmentsService/<Add>d__4::MoveNext()
FNDA:1,System.Void BlazorSkraApp1.Services.CategoriesAssignmentsService/<Add>d__4::MoveNext()
DA:51,1
DA:52,1
DA:53,1
DA:54,1
DA:55,1
FN:58,System.Void BlazorSkraApp1.Services.CategoriesAssignmentsService/<Delete>d__5::MoveNext()
FNDA:1,System.Void BlazorSkraApp1.Services.CategoriesAssignmentsService/<Delete>d__5::MoveNext()
DA:59,1
DA:60,1
DA:61,1
DA:62,1
DA:63,1
DA:64,1
BRDA:59,14,0,1
BRDA:60,110,0,0
BRDA:60,110,1,1
BRDA:59,14,1,0
FN:66,System.Void BlazorSkraApp1.Services.CategoriesAssignmentsService/<Update>d__6::MoveNext()
FNDA:0,System.Void BlazorSkraApp1.Services.CategoriesAssignmentsService/<Update>d__6::MoveNext()
DA:67,0
DA:68,0
DA:69,0
DA:70,0
DA:71,0
DA:72,0
DA:73,0
DA:74,0
DA:75,0
DA:76,0
BRDA:67,14,0,0
BRDA:67,14,1,0
LF:40
LH:30
BRF:6
BRH:2
FNF:6
FNH:5
end_of_record
SF:/Users/thornystefansdottir/Desktop/Verkefni/BlazorSkraWebApp/BlazorSkraApp1/Services/CategoriesService.cs
FN:24,System.Void BlazorSkraApp1.Services.CategoriesService::.ctor(BlazorSkraApp1.Data.ApplicationDbContext)
FNDA:5,System.Void BlazorSkraApp1.Services.CategoriesService::.ctor(BlazorSkraApp1.Data.ApplicationDbContext)
DA:25,5
DA:26,5
DA:27,5
DA:28,5
FN:31,System.Void BlazorSkraApp1.Services.CategoriesService/<Get>d__2::MoveNext()
FNDA:1,System.Void BlazorSkraApp1.Services.CategoriesService/<Get>d__2::MoveNext()
DA:32,1
DA:33,1
DA:34,1
FN:37,System.Void BlazorSkraApp1.Services.CategoriesService/<Get>d__3::MoveNext()
FNDA:1,System.Void BlazorSkraApp1.Services.CategoriesService/<Get>d__3::MoveNext()
DA:38,1
DA:39,1
DA:40,1
BRDA:39,72,0,0
BRDA:39,72,1,1
FN:41,System.Void BlazorSkraApp1.Services.CategoriesService/<GetSearch>d__4::MoveNext()
FNDA:0,System.Void BlazorSkraApp1.Services.CategoriesService/<GetSearch>d__4::MoveNext()
DA:42,0
DA:43,0
DA:44,0
DA:45,0
FN:48,System.Void BlazorSkraApp1.Services.CategoriesService/<Add>d__5::MoveNext()
FNDA:1,System.Void BlazorSkraApp1.Services.CategoriesService/<Add>d__5::MoveNext()
DA:49,1
DA:50,1
DA:51,1
DA:52,1
DA:53,1
FN:56,System.Void BlazorSkraApp1.Services.CategoriesService/<Update>d__6::MoveNext()
FNDA:1,System.Void BlazorSkraApp1.Services.CategoriesService/<Update>d__6::MoveNext()
DA:57,1
DA:58,1
DA:59,1
DA:60,1
DA:61,1
FN:64,System.Void BlazorSkraApp1.Services.CategoriesService/<Delete>d__7::MoveNext()
FNDA:1,System.Void BlazorSkraApp1.Services.CategoriesService/<Delete>d__7::MoveNext()
DA:65,1
DA:66,1
DA:67,1
DA:68,1
DA:69,1
DA:70,1
DA:71,1
DA:72,1
DA:73,1
BRDA:65,14,0,1
BRDA:66,83,0,0
BRDA:66,83,1,1
BRDA:67,198,0,1
BRDA:65,14,1,0
BRDA:67,198,1,1
LF:33
LH:29
BRF:8
BRH:5
FNF:7
FNH:6
end_of_record
SF:/Users/thornystefansdottir/Desktop/Verkefni/BlazorSkraWebApp/BlazorSkraApp1/Services/FormsInfoService.cs
FN:24,System.Void BlazorSkraApp1.Services.FormsInfoService::.ctor(BlazorSkraApp1.Data.ApplicationDbContext)
FNDA:6,System.Void BlazorSkraApp1.Services.FormsInfoService::.ctor(BlazorSkraApp1.Data.ApplicationDbContext)
DA:25,6
DA:26,6
DA:27,6
DA:28,6
FN:31,System.Void BlazorSkraApp1.Services.FormsInfoService/<Add>d__2::MoveNext()
FNDA:1,System.Void BlazorSkraApp1.Services.FormsInfoService/<Add>d__2::MoveNext()
DA:32,1
DA:33,1
DA:34,1
DA:35,1
DA:36,1
FN:39,System.Void BlazorSkraApp1.Services.FormsInfoService/<Delete>d__3::MoveNext()
FNDA:1,System.Void BlazorSkraApp1.Services.FormsInfoService/<Delete>d__3::MoveNext()
DA:40,1
DA:41,1
DA:42,1
DA:43,1
DA:44,1
DA:45,1
BRDA:40,14,0,1
BRDA:41,83,0,0
BRDA:41,83,1,1
BRDA:40,14,1,0
FN:48,System.Void BlazorSkraApp1.Services.FormsInfoService/<Update>d__4::MoveNext()
FNDA:1,System.Void BlazorSkraApp1.Services.FormsInfoService/<Update>d__4::MoveNext()
DA:49,1
DA:50,1
DA:51,1
DA:52,1
DA:53,1
DA:54,1
DA:55,1
DA:56,1
BRDA:49,14,0,1
BRDA:50,88,0,0
BRDA:50,88,1,1
BRDA:49,14,1,0
FN:58,System.Void BlazorSkraApp1.Services.FormsInfoService/<Get>d__5::MoveNext()
FNDA:1,System.Void BlazorSkraApp1.Services.FormsInfoService/<Get>d__5::MoveNext()
DA:59,1
DA:60,1
DA:61,1
BRDA:60,72,0,0
BRDA:60,72,1,1
FN:63,System.Void BlazorSkraApp1.Services.FormsInfoService/<GetSearch>d__6::MoveNext()
FNDA:0,System.Void BlazorSkraApp1.Services.FormsInfoService/<GetSearch>d__6::MoveNext()
DA:64,0
DA:65,0
DA:66,0
DA:67,0
FN:69,System.Void BlazorSkraApp1.Services.FormsInfoService/<GetEmail>d__7::MoveNext()
FNDA:1,System.Void BlazorSkraApp1.Services.FormsInfoService/<GetEmail>d__7::MoveNext()
DA:70,1
DA:71,1
DA:72,1
FN:73,System.Void BlazorSkraApp1.Services.FormsInfoService/<Get>d__8::MoveNext()
FNDA:1,System.Void BlazorSkraApp1.Services.FormsInfoService/<Get>d__8::MoveNext()
DA:74,1
DA:75,1
DA:76,1
LF:36
LH:32
BRF:10
BRH:5
FNF:8
FNH:7
end_of_record
SF:/Users/thornystefansdottir/Desktop/Verkefni/BlazorSkraWebApp/BlazorSkraApp1/Services/FormsService.cs
FN:19,System.Void BlazorSkraApp1.Services.FormsService::.ctor(BlazorSkraApp1.Data.ApplicationDbContext)
FNDA:0,System.Void BlazorSkraApp1.Services.FormsService::.ctor(BlazorSkraApp1.Data.ApplicationDbContext)
DA:20,0
DA:21,0
DA:22,0
DA:23,0
FN:60,System.Boolean BlazorSkraApp1.Services.FormsService/<>c__DisplayClass2_1::<Get>b__8(BlazorSkraApp1.Data.OptionsQuestionAssignmnents)
FNDA:0,System.Boolean BlazorSkraApp1.Services.FormsService/<>c__DisplayClass2_1::<Get>b__8(BlazorSkraApp1.Data.OptionsQuestionAssignmnents)
DA:61,0
BRDA:61,1506,0,0
BRDA:61,1506,1,0
BRDA:61,1693,1,0
BRDA:61,1693,0,0
LF:5
LH:0
BRF:4
BRH:0
FNF:2
FNH:0
end_of_record
SF:/Users/thornystefansdottir/Desktop/Verkefni/BlazorSkraWebApp/BlazorSkraApp1/Services/mailService.cs
FN:39,System.Void BlazorSkraApp1.Services.MailService::sendMail()
FNDA:0,System.Void BlazorSkraApp1.Services.MailService::sendMail()
DA:40,0
DA:41,0
DA:42,0
DA:43,0
DA:45,0
DA:47,0
DA:48,0
DA:50,0
DA:52,0
DA:54,0
DA:55,0
DA:56,0
DA:58,0
DA:59,0
DA:60,0
DA:61,0
DA:62,0
DA:63,0
DA:64,0
DA:65,0
DA:66,0
DA:67,0
FN:148,System.Void BlazorSkraApp1.Services.MailService::GeneratePDF(Microsoft.JSInterop.IJSRuntime,System.Collections.Generic.List`1<BlazorSkraApp1.Models.InputModels.Report>)
FNDA:0,System.Void BlazorSkraApp1.Services.MailService::GeneratePDF(Microsoft.JSInterop.IJSRuntime,System.Collections.Generic.List`1<BlazorSkraApp1.Models.InputModels.Report>)
DA:149,0
DA:150,0
DA:151,0
DA:152,0
DA:153,0
DA:154,0
DA:155,0
FN:24,System.Void BlazorSkraApp1.Services.MailService::.ctor(BlazorSkraApp1.Data.ApplicationDbContext)
FNDA:2,System.Void BlazorSkraApp1.Services.MailService::.ctor(BlazorSkraApp1.Data.ApplicationDbContext)
DA:25,2
DA:27,2
DA:30,2
DA:34,2
DA:35,2
DA:36,2
DA:37,2
FN:69,System.Void BlazorSkraApp1.Services.MailService/<GetAnswers>d__9::MoveNext()
FNDA:0,System.Void BlazorSkraApp1.Services.MailService/<GetAnswers>d__9::MoveNext()
DA:70,0
DA:71,0
DA:72,0
DA:73,0
DA:74,0
DA:75,0
DA:76,0
FN:78,System.Void BlazorSkraApp1.Services.MailService/<GetCategory>d__10::MoveNext()
FNDA:1,System.Void BlazorSkraApp1.Services.MailService/<GetCategory>d__10::MoveNext()
DA:79,1
DA:80,1
DA:81,1
DA:82,1
BRDA:80,72,0,0
BRDA:80,72,1,1
FN:84,System.Void BlazorSkraApp1.Services.MailService/<GetQuestions>d__11::MoveNext()
FNDA:0,System.Void BlazorSkraApp1.Services.MailService/<GetQuestions>d__11::MoveNext()
DA:85,0
DA:86,0
DA:87,0
DA:88,0
DA:89,0
DA:90,0
DA:91,0
FN:93,System.Void BlazorSkraApp1.Services.MailService/<GetForm>d__12::MoveNext()
FNDA:1,System.Void BlazorSkraApp1.Services.MailService/<GetForm>d__12::MoveNext()
DA:94,1
DA:95,1
DA:96,1
BRDA:95,72,0,0
BRDA:95,72,1,1
FN:119,System.Boolean BlazorSkraApp1.Services.MailService/<>c__DisplayClass13_0::<mailBuilder>b__0(BlazorSkraApp1.Data.Submissions)
FNDA:0,System.Boolean BlazorSkraApp1.Services.MailService/<>c__DisplayClass13_0::<mailBuilder>b__0(BlazorSkraApp1.Data.Submissions)
DA:120,0
BRDA:120,809,0,0
BRDA:120,809,1,0
BRDA:120,975,1,0
BRDA:120,975,0,0
FN:138,System.Boolean BlazorSkraApp1.Services.MailService/<>c__DisplayClass14_0::<PDFBuilder>b__0(BlazorSkraApp1.Data.Submissions)
FNDA:0,System.Boolean BlazorSkraApp1.Services.MailService/<>c__DisplayClass14_0::<PDFBuilder>b__0(BlazorSkraApp1.Data.Submissions)
DA:139,0
BRDA:139,561,0,0
BRDA:139,561,1,0
BRDA:139,745,1,0
BRDA:139,745,0,0
LF:59
LH:14
BRF:12
BRH:2
FNF:9
FNH:3
end_of_record
SF:/Users/thornystefansdottir/Desktop/Verkefni/BlazorSkraWebApp/BlazorSkraApp1/Services/OptionsQuestionAssignmnentsService.cs
FN:20,System.Void BlazorSkraApp1.Services.OptionsQuestionAssignmnentsService::.ctor(BlazorSkraApp1.Data.ApplicationDbContext)
FNDA:5,System.Void BlazorSkraApp1.Services.OptionsQuestionAssignmnentsService::.ctor(BlazorSkraApp1.Data.ApplicationDbContext)
DA:21,5
DA:22,5
DA:23,5
DA:24,5
FN:26,System.Void BlazorSkraApp1.Services.OptionsQuestionAssignmnentsService/<Get>d__2::MoveNext()
FNDA:1,System.Void BlazorSkraApp1.Services.OptionsQuestionAssignmnentsService/<Get>d__2::MoveNext()
DA:27,1
DA:28,1
DA:29,1
DA:30,1
DA:31,1
FN:33,System.Void BlazorSkraApp1.Services.OptionsQuestionAssignmnentsService/<Get>d__3::MoveNext()
FNDA:1,System.Void BlazorSkraApp1.Services.OptionsQuestionAssignmnentsService/<Get>d__3::MoveNext()
DA:34,1
DA:35,1
DA:36,1
DA:37,1
DA:38,1
DA:39,1
DA:40,1
FN:42,System.Void BlazorSkraApp1.Services.OptionsQuestionAssignmnentsService/<Add>d__4::MoveNext()
FNDA:1,System.Void BlazorSkraApp1.Services.OptionsQuestionAssignmnentsService/<Add>d__4::MoveNext()
DA:43,1
DA:44,1
DA:45,1
DA:46,1
DA:47,1
FN:48,System.Void BlazorSkraApp1.Services.OptionsQuestionAssignmnentsService/<Delete>d__5::MoveNext()
FNDA:1,System.Void BlazorSkraApp1.Services.OptionsQuestionAssignmnentsService/<Delete>d__5::MoveNext()
DA:49,1
DA:50,1
DA:51,1
DA:52,1
DA:53,1
DA:54,1
BRDA:49,14,0,1
BRDA:50,129,0,0
BRDA:50,129,1,1
BRDA:49,14,1,0
FN:64,System.Boolean BlazorSkraApp1.Services.OptionsQuestionAssignmnentsService/<>c__DisplayClass6_0::<DeleteAll>b__0(BlazorSkraApp1.Data.Options)
FNDA:0,System.Boolean BlazorSkraApp1.Services.OptionsQuestionAssignmnentsService/<>c__DisplayClass6_0::<DeleteAll>b__0(BlazorSkraApp1.Data.Options)
DA:65,0
FN:57,System.Void BlazorSkraApp1.Services.OptionsQuestionAssignmnentsService/<DeleteAll>d__6::MoveNext()
FNDA:1,System.Void BlazorSkraApp1.Services.OptionsQuestionAssignmnentsService/<DeleteAll>d__6::MoveNext()
DA:58,1
DA:59,1
DA:60,1
DA:61,1
DA:62,1
DA:63,1
DA:64,1
DA:66,1
DA:67,1
DA:68,1
DA:69,1
DA:70,1
LF:40
LH:39
BRF:4
BRH:2
FNF:7
FNH:6
end_of_record
SF:/Users/thornystefansdottir/Desktop/Verkefni/BlazorSkraWebApp/BlazorSkraApp1/Services/OptionsService.cs
FN:20,System.Void BlazorSkraApp1.Services.OptionsService::.ctor(BlazorSkraApp1.Data.ApplicationDbContext)
FNDA:4,System.Void BlazorSkraApp1.Services.OptionsService::.ctor(BlazorSkraApp1.Data.ApplicationDbContext)
DA:21,4
DA:22,4
DA:23,4
DA:24,4
FN:26,System.Void BlazorSkraApp1.Services.OptionsService/<Add>d__2::MoveNext()
FNDA:1,System.Void BlazorSkraApp1.Services.OptionsService/<Add>d__2::MoveNext()
DA:27,1
DA:28,1
DA:29,1
DA:30,1
DA:31,1
FN:32,System.Void BlazorSkraApp1.Services.OptionsService/<Update>d__3::MoveNext()
FNDA:1,System.Void BlazorSkraApp1.Services.OptionsService/<Update>d__3::MoveNext()
DA:33,1
DA:34,1
DA:35,1
DA:36,1
DA:37,1
DA:38,1
BRDA:33,14,0,1
BRDA:34,88,0,0
BRDA:34,88,1,1
BRDA:33,14,1,0
[...]
DA:131,0
DA:133,0
DA:134,0
DA:135,0
DA:136,0
DA:137,0
DA:138,0
DA:139,0
DA:140,0
DA:141,0
DA:142,0
DA:143,0
DA:144,0
DA:145,0
DA:146,0
DA:147,0
DA:148,0
DA:149,0
DA:150,0
DA:151,0
DA:152,0
DA:153,0
DA:155,0
DA:156,0
DA:157,0
DA:158,0
DA:159,0
DA:160,0
DA:161,0
DA:162,0
DA:163,0
DA:164,0
DA:165,0
DA:166,0
DA:167,0
DA:168,0
DA:169,0
DA:170,0
DA:171,0
DA:172,0
DA:173,0
DA:174,0
DA:176,0
DA:177,0
DA:178,0
DA:179,0
DA:180,0
DA:181,0
DA:182,0
DA:183,0
DA:184,0
DA:185,0
DA:186,0
DA:187,0
DA:188,0
DA:189,0
DA:190,0
DA:191,0
DA:192,0
DA:193,0
DA:194,0
DA:195,0
DA:196,0
DA:197,0
DA:198,0
DA:199,0
DA:200,0
DA:201,0
DA:202,0
DA:204,0
DA:205,0
DA:206,0
DA:207,0
DA:208,0
DA:209,0
DA:210,0
DA:211,0
DA:212,0
DA:213,0
DA:214,0
DA:215,0
DA:216,0
DA:217,0
DA:218,0
DA:219,0
DA:220,0
DA:221,0
DA:223,0
DA:224,0
DA:225,0
DA:226,0
DA:227,0
DA:228,0
DA:229,0
DA:230,0
DA:231,0
DA:232,0
DA:233,0
DA:234,0
DA:235,0
DA:236,0
DA:237,0
DA:238,0
DA:239,0
DA:240,0
DA:241,0
DA:242,0
DA:243,0
DA:244,0
DA:245,0
DA:246,0
DA:247,0
DA:248,0
DA:250,0
DA:251,0
DA:252,0
DA:253,0
DA:254,0
DA:255,0
DA:256,0
DA:257,0
DA:258,0
DA:259,0
DA:260,0
DA:261,0
DA:262,0
DA:263,0
DA:264,0
DA:265,0
DA:266,0
DA:267,0
DA:268,0
DA:269,0
DA:270,0
DA:271,0
DA:272,0
DA:274,0
DA:275,0
DA:276,0
DA:277,0
DA:278,0
DA:279,0
DA:280,0
DA:281,0
DA:282,0
DA:283,0
DA:284,0
DA:285,0
DA:286,0
DA:287,0
DA:288,0
DA:289,0
DA:290,0
DA:291,0
DA:292,0
DA:293,0
DA:294,0
DA:295,0
DA:296,0
DA:297,0
DA:298,0
DA:299,0
DA:300,0
DA:301,0
DA:302,0
DA:303,0
DA:304,0
DA:305,0
DA:306,0
DA:307,0
DA:308,0
DA:309,0
DA:310,0
DA:311,0
DA:312,0
DA:313,0
DA:314,0
DA:315,0
DA:316,0
DA:317,0
DA:318,0
DA:319,0
DA:320,0
DA:321,0
DA:322,0
DA:323,0
DA:324,0
DA:325,0
DA:326,0
DA:327,0
DA:328,0
DA:329,0
DA:330,0
DA:331,0
DA:332,0
DA:333,0
DA:334,0
DA:335,0
DA:336,0
DA:337,0
DA:339,0
DA:340,0
DA:341,0
DA:342,0
DA:343,0
DA:344,0
DA:345,0
DA:346,0
DA:347,0
DA:348,0
DA:349,0
DA:350,0
DA:351,0
DA:352,0
DA:353,0
DA:354,0
DA:355,0
DA:356,0
DA:357,0
DA:358,0
DA:359,0
DA:360,0
DA:361,0
DA:363,0
DA:364,0
DA:365,0
DA:366,0
DA:367,0
DA:368,0
DA:369,0
DA:370,0
DA:371,0
DA:372,0
DA:373,0
DA:374,0
DA:375,0
DA:376,0
DA:377,0
DA:378,0
DA:379,0
DA:380,0
DA:381,0
DA:382,0
DA:383,0
DA:384,0
DA:385,0
DA:387,0
DA:388,0
DA:389,0
DA:390,0
DA:391,0
DA:392,0
DA:393,0
DA:394,0
DA:395,0
DA:396,0
DA:397,0
DA:398,0
DA:399,0
DA:400,0
DA:402,0
DA:403,0
DA:404,0
DA:405,0
DA:406,0
DA:407,0
DA:408,0
DA:409,0
DA:410,0
DA:411,0
DA:412,0
DA:413,0
DA:414,0
DA:415,0
DA:416,0
DA:417,0
DA:418,0
DA:419,0
DA:420,0
DA:421,0
DA:423,0
DA:424,0
DA:425,0
DA:426,0
DA:427,0
DA:428,0
DA:429,0
DA:430,0
DA:431,0
DA:432,0
DA:433,0
DA:434,0
DA:435,0
DA:436,0
DA:438,0
DA:439,0
DA:440,0
DA:441,0
DA:442,0
DA:443,0
DA:444,0
DA:445,0
DA:446,0
DA:447,0
DA:448,0
DA:449,0
DA:450,0
DA:451,0
DA:453,0
DA:454,0
DA:455,0
DA:456,0
DA:457,0
DA:458,0
DA:459,0
DA:460,0
DA:462,0
DA:463,0
DA:464,0
DA:465,0
DA:466,0
DA:467,0
DA:468,0
DA:469,0
DA:470,0
DA:471,0
DA:472,0
DA:473,0
DA:474,0
DA:475,0
DA:477,0
DA:478,0
DA:479,0
DA:480,0
DA:481,0
DA:482,0
DA:483,0
DA:484,0
DA:485,0
DA:486,0
DA:487,0
DA:488,0
DA:489,0
DA:490,0
DA:492,0
DA:493,0
DA:494,0
DA:495,0
DA:496,0
DA:497,0
DA:498,0
DA:499,0
DA:501,0
DA:502,0
DA:503,0
DA:504,0
DA:505,0
DA:506,0
DA:507,0
DA:508,0
DA:510,0
DA:511,0
DA:512,0
DA:513,0
DA:514,0
DA:515,0
DA:516,0
DA:517,0
DA:519,0
DA:520,0
DA:521,0
DA:522,0
DA:523,0
DA:524,0
DA:525,0
DA:526,0
DA:527,0
DA:528,0
DA:529,0
DA:530,0
DA:531,0
DA:532,0
DA:534,0
DA:535,0
DA:536,0
DA:537,0
DA:538,0
DA:539,0
DA:540,0
DA:541,0
DA:543,0
BRDA:22,66,0,0
BRDA:22,66,1,0
BRDA:39,109,0,0
BRDA:39,109,1,0
BRDA:54,152,0,0
BRDA:54,152,1,0
BRDA:78,195,0,0
BRDA:78,195,1,0
BRDA:95,238,0,0
BRDA:95,238,1,0
BRDA:116,281,0,0
BRDA:116,281,1,0
BRDA:133,324,0,0
BRDA:133,324,1,0
BRDA:155,367,0,0
BRDA:155,367,1,0
BRDA:176,410,0,0
BRDA:176,410,1,0
BRDA:204,453,0,0
BRDA:204,453,1,0
BRDA:223,496,0,0
BRDA:223,496,1,0
BRDA:250,539,0,0
BRDA:250,539,1,0
BRDA:274,582,0,0
BRDA:274,582,1,0
BRDA:339,625,0,0
BRDA:339,625,1,0
BRDA:363,668,0,0
BRDA:363,668,1,0
BRDA:387,711,0,0
BRDA:387,711,1,0
BRDA:402,754,0,0
BRDA:402,754,1,0
BRDA:423,797,0,0
BRDA:423,797,1,0
BRDA:438,840,0,0
BRDA:438,840,1,0
BRDA:453,883,0,0
BRDA:453,883,1,0
BRDA:462,926,0,0
BRDA:462,926,1,0
BRDA:477,969,0,0
BRDA:477,969,1,0
BRDA:492,1012,0,0
BRDA:492,1012,1,0
BRDA:501,1055,0,0
BRDA:501,1055,1,0
BRDA:510,1098,0,0
BRDA:510,1098,1,0
BRDA:519,1141,0,0
BRDA:519,1141,1,0
BRDA:534,1184,0,0
BRDA:534,1184,1,0
LF:500
LH:0
BRF:54
BRH:0
FNF:1
FNH:0
end_of_record
SF:/Users/thornystefansdottir/Desktop/Verkefni/BlazorSkraWebApp/BlazorSkraApp1/Data/ApplicationDbContext.cs
FN:16,System.Void BlazorSkraApp1.Data.ApplicationDbContext::OnModelCreating(Microsoft.EntityFrameworkCore.ModelBuilder)
FNDA:44,System.Void BlazorSkraApp1.Data.ApplicationDbContext::OnModelCreating(Microsoft.EntityFrameworkCore.ModelBuilder)
DA:17,44
DA:18,44
DA:21,44
DA:22,44
DA:23,44
DA:24,44
DA:26,44
DA:27,44
DA:28,44
DA:29,44
DA:31,44
DA:32,44
DA:35,44
DA:36,44
DA:37,44
DA:38,44
DA:40,44
DA:41,44
DA:42,44
DA:43,44
DA:45,44
DA:46,44
DA:49,44
DA:50,44
DA:51,44
DA:52,44
DA:54,44
DA:55,44
DA:56,44
DA:57,44
DA:59,44
DA:60,44
DA:63,44
DA:64,44
DA:65,44
DA:66,44
DA:68,44
DA:69,44
DA:70,44
DA:71,44
DA:73,44
DA:74,44
DA:75,44
FN:77,Microsoft.EntityFrameworkCore.DbSet`1<BlazorSkraApp1.Data.Options> BlazorSkraApp1.Data.ApplicationDbContext::get_Options()
FNDA:55,Microsoft.EntityFrameworkCore.DbSet`1<BlazorSkraApp1.Data.Options> BlazorSkraApp1.Data.ApplicationDbContext::get_Options()
DA:78,55
FN:78,Microsoft.EntityFrameworkCore.DbSet`1<BlazorSkraApp1.Data.QuestionTypes> BlazorSkraApp1.Data.ApplicationDbContext::get_QuestionTypes()
FNDA:47,Microsoft.EntityFrameworkCore.DbSet`1<BlazorSkraApp1.Data.QuestionTypes> BlazorSkraApp1.Data.ApplicationDbContext::get_QuestionTypes()
DA:79,47
FN:79,Microsoft.EntityFrameworkCore.DbSet`1<BlazorSkraApp1.Data.Questions> BlazorSkraApp1.Data.ApplicationDbContext::get_Questions()
FNDA:56,Microsoft.EntityFrameworkCore.DbSet`1<BlazorSkraApp1.Data.Questions> BlazorSkraApp1.Data.ApplicationDbContext::get_Questions()
DA:80,56
FN:80,Microsoft.EntityFrameworkCore.DbSet`1<BlazorSkraApp1.Data.FormsInfo> BlazorSkraApp1.Data.ApplicationDbContext::get_FormsInfo()
FNDA:58,Microsoft.EntityFrameworkCore.DbSet`1<BlazorSkraApp1.Data.FormsInfo> BlazorSkraApp1.Data.ApplicationDbContext::get_FormsInfo()
DA:81,58
FN:81,Microsoft.EntityFrameworkCore.DbSet`1<BlazorSkraApp1.Data.SubmissionsInfo> BlazorSkraApp1.Data.ApplicationDbContext::get_SubmissionsInfo()
FNDA:52,Microsoft.EntityFrameworkCore.DbSet`1<BlazorSkraApp1.Data.SubmissionsInfo> BlazorSkraApp1.Data.ApplicationDbContext::get_SubmissionsInfo()
DA:82,52
FN:82,Microsoft.EntityFrameworkCore.DbSet`1<BlazorSkraApp1.Data.Submissions> BlazorSkraApp1.Data.ApplicationDbContext::get_Submissions()
FNDA:55,Microsoft.EntityFrameworkCore.DbSet`1<BlazorSkraApp1.Data.Submissions> BlazorSkraApp1.Data.ApplicationDbContext::get_Submissions()
DA:83,55
FN:83,Microsoft.EntityFrameworkCore.DbSet`1<BlazorSkraApp1.Data.Categories> BlazorSkraApp1.Data.ApplicationDbContext::get_Categories()
FNDA:55,Microsoft.EntityFrameworkCore.DbSet`1<BlazorSkraApp1.Data.Categories> BlazorSkraApp1.Data.ApplicationDbContext::get_Categories()
DA:84,55
FN:84,Microsoft.EntityFrameworkCore.DbSet`1<BlazorSkraApp1.Data.CategoriesAssignments> BlazorSkraApp1.Data.ApplicationDbContext::get_CategoriesAssignments()
FNDA:52,Microsoft.EntityFrameworkCore.DbSet`1<BlazorSkraApp1.Data.CategoriesAssignments> BlazorSkraApp1.Data.ApplicationDbContext::get_CategoriesAssignments()
DA:85,52
FN:85,Microsoft.EntityFrameworkCore.DbSet`1<BlazorSkraApp1.Data.QuestionsFormAssignments> BlazorSkraApp1.Data.ApplicationDbContext::get_QuestionsFormAssignments()
FNDA:52,Microsoft.EntityFrameworkCore.DbSet`1<BlazorSkraApp1.Data.QuestionsFormAssignments> BlazorSkraApp1.Data.ApplicationDbContext::get_QuestionsFormAssignments()
DA:86,52
FN:86,Microsoft.EntityFrameworkCore.DbSet`1<BlazorSkraApp1.Data.OptionsQuestionAssignmnents> BlazorSkraApp1.Data.ApplicationDbContext::get_OptionsQuestionAssignmnents()
FNDA:54,Microsoft.EntityFrameworkCore.DbSet`1<BlazorSkraApp1.Data.OptionsQuestionAssignmnents> BlazorSkraApp1.Data.ApplicationDbContext::get_OptionsQuestionAssignmnents()
DA:87,54
FN:89,System.Int32 BlazorSkraApp1.Data.ApplicationDbContext::SaveChanges()
FNDA:0,System.Int32 BlazorSkraApp1.Data.ApplicationDbContext::SaveChanges()
DA:90,0
DA:91,0
DA:92,0
FN:11,System.Void BlazorSkraApp1.Data.ApplicationDbContext::.ctor(Microsoft.EntityFrameworkCore.DbContextOptions`1<BlazorSkraApp1.Data.ApplicationDbContext>)
FNDA:44,System.Void BlazorSkraApp1.Data.ApplicationDbContext::.ctor(Microsoft.EntityFrameworkCore.DbContextOptions`1<BlazorSkraApp1.Data.ApplicationDbContext>)
DA:12,44
DA:13,44
DA:14,44
LF:59
LH:56
BRF:0
BRH:0
FNF:13
FNH:12
end_of_record
SF:/Users/thornystefansdottir/Desktop/Verkefni/BlazorSkraWebApp/BlazorSkraApp1/Data/Categories.cs
FN:11,System.Int32 BlazorSkraApp1.Data.Categories::get_CategoryId()
FNDA:41,System.Int32 BlazorSkraApp1.Data.Categories::get_CategoryId()
DA:12,41
FN:14,System.String BlazorSkraApp1.Data.Categories::get_CategoryName()
FNDA:39,System.String BlazorSkraApp1.Data.Categories::get_CategoryName()
DA:15,39
LF:2
LH:2
BRF:0
BRH:0
FNF:2
FNH:2
end_of_record
SF:/Users/thornystefansdottir/Desktop/Verkefni/BlazorSkraWebApp/BlazorSkraApp1/Data/CategoriesAssignments.cs
FN:9,System.Int32 BlazorSkraApp1.Data.CategoriesAssignments::get_CategoryId()
FNDA:39,System.Int32 BlazorSkraApp1.Data.CategoriesAssignments::get_CategoryId()
DA:10,39
FN:10,System.Int32 BlazorSkraApp1.Data.CategoriesAssignments::get_FormId()
FNDA:16,System.Int32 BlazorSkraApp1.Data.CategoriesAssignments::get_FormId()
DA:11,16
FN:11,BlazorSkraApp1.Data.Categories BlazorSkraApp1.Data.CategoriesAssignments::get_Categories()
FNDA:0,BlazorSkraApp1.Data.Categories BlazorSkraApp1.Data.CategoriesAssignments::get_Categories()
DA:12,0
FN:12,BlazorSkraApp1.Data.FormsInfo BlazorSkraApp1.Data.CategoriesAssignments::get_FormsInfo()
FNDA:0,BlazorSkraApp1.Data.FormsInfo BlazorSkraApp1.Data.CategoriesAssignments::get_FormsInfo()
DA:13,0
LF:4
LH:2
BRF:0
BRH:0
FNF:4
FNH:2
end_of_record
SF:/Users/thornystefansdottir/Desktop/Verkefni/BlazorSkraWebApp/BlazorSkraApp1/Data/FormsInfo.cs
FN:11,System.Int32 BlazorSkraApp1.Data.FormsInfo::get_FormId()
FNDA:53,System.Int32 BlazorSkraApp1.Data.FormsInfo::get_FormId()
DA:12,53
FN:14,System.String BlazorSkraApp1.Data.FormsInfo::get_FormName()
FNDA:51,System.String BlazorSkraApp1.Data.FormsInfo::get_FormName()
DA:15,51
FN:17,System.String BlazorSkraApp1.Data.FormsInfo::get_DestinationEmail()
FNDA:41,System.String BlazorSkraApp1.Data.FormsInfo::get_DestinationEmail()
DA:18,41
FN:19,System.Boolean BlazorSkraApp1.Data.FormsInfo::get_IsAnonymous()
FNDA:0,System.Boolean BlazorSkraApp1.Data.FormsInfo::get_IsAnonymous()
DA:20,0
LF:4
LH:3
BRF:0
BRH:0
FNF:4
FNH:3
end_of_record
SF:/Users/thornystefansdottir/Desktop/Verkefni/BlazorSkraWebApp/BlazorSkraApp1/Data/MailForm.cs
FN:9,System.String BlazorSkraApp1.Data.MailForm::get_To()
FNDA:0,System.String BlazorSkraApp1.Data.MailForm::get_To()
DA:10,0
FN:10,System.String BlazorSkraApp1.Data.MailForm::get_From()
FNDA:0,System.String BlazorSkraApp1.Data.MailForm::get_From()
DA:11,0
FN:11,System.String BlazorSkraApp1.Data.MailForm::get_Subject()
FNDA:0,System.String BlazorSkraApp1.Data.MailForm::get_Subject()
DA:12,0
FN:12,System.String BlazorSkraApp1.Data.MailForm::get_Body()
FNDA:0,System.String BlazorSkraApp1.Data.MailForm::get_Body()
DA:13,0
LF:4
LH:0
BRF:0
BRH:0
FNF:4
FNH:0
end_of_record
SF:/Users/thornystefansdottir/Desktop/Verkefni/BlazorSkraWebApp/BlazorSkraApp1/Data/Options.cs
FN:11,System.Int32 BlazorSkraApp1.Data.Options::get_OptionId()
FNDA:31,System.Int32 BlazorSkraApp1.Data.Options::get_OptionId()
DA:12,31
FN:14,System.String BlazorSkraApp1.Data.Options::get_OptionName()
FNDA:26,System.String BlazorSkraApp1.Data.Options::get_OptionName()
DA:15,26
LF:2
LH:2
BRF:0
BRH:0
FNF:2
FNH:2
end_of_record
SF:/Users/thornystefansdottir/Desktop/Verkefni/BlazorSkraWebApp/BlazorSkraApp1/Data/OptionsQuestionAssignmnents.cs
FN:9,System.Int32 BlazorSkraApp1.Data.OptionsQuestionAssignmnents::get_OptionOrderNum()
FNDA:24,System.Int32 BlazorSkraApp1.Data.OptionsQuestionAssignmnents::get_OptionOrderNum()
DA:10,24
FN:10,System.Int32 BlazorSkraApp1.Data.OptionsQuestionAssignmnents::get_OptionId()
FNDA:34,System.Int32 BlazorSkraApp1.Data.OptionsQuestionAssignmnents::get_OptionId()
DA:11,34
FN:11,System.Int32 BlazorSkraApp1.Data.OptionsQuestionAssignmnents::get_FormId()
FNDA:30,System.Int32 BlazorSkraApp1.Data.OptionsQuestionAssignmnents::get_FormId()
DA:12,30
FN:12,System.Int32 BlazorSkraApp1.Data.OptionsQuestionAssignmnents::get_QuestionOrderNum()
FNDA:33,System.Int32 BlazorSkraApp1.Data.OptionsQuestionAssignmnents::get_QuestionOrderNum()
DA:13,33
FN:14,BlazorSkraApp1.Data.QuestionsFormAssignments BlazorSkraApp1.Data.OptionsQuestionAssignmnents::get_QuestionsFormAssignments()
FNDA:0,BlazorSkraApp1.Data.QuestionsFormAssignments BlazorSkraApp1.Data.OptionsQuestionAssignmnents::get_QuestionsFormAssignments()
DA:15,0
FN:15,BlazorSkraApp1.Data.Options BlazorSkraApp1.Data.OptionsQuestionAssignmnents::get_Options()
FNDA:0,BlazorSkraApp1.Data.Options BlazorSkraApp1.Data.OptionsQuestionAssignmnents::get_Options()
DA:16,0
LF:6
LH:4
BRF:0
BRH:0
FNF:6
FNH:4
end_of_record
SF:/Users/thornystefansdottir/Desktop/Verkefni/BlazorSkraWebApp/BlazorSkraApp1/Data/Questions.cs
FN:11,System.Int32 BlazorSkraApp1.Data.Questions::get_QuestionId()
FNDA:64,System.Int32 BlazorSkraApp1.Data.Questions::get_QuestionId()
DA:12,64
FN:14,System.String BlazorSkraApp1.Data.Questions::get_QuestionName()
FNDA:57,System.String BlazorSkraApp1.Data.Questions::get_QuestionName()
DA:15,57
FN:18,BlazorSkraApp1.Data.QuestionTypes BlazorSkraApp1.Data.Questions::get_QuestionTypes()
FNDA:0,BlazorSkraApp1.Data.QuestionTypes BlazorSkraApp1.Data.Questions::get_QuestionTypes()
DA:19,0
LF:3
LH:2
BRF:0
BRH:0
FNF:3
FNH:2
end_of_record
SF:/Users/thornystefansdottir/Desktop/Verkefni/BlazorSkraWebApp/BlazorSkraApp1/Data/QuestionsFormAssignments.cs
FN:9,System.Int32 BlazorSkraApp1.Data.QuestionsFormAssignments::get_FormId()
FNDA:60,System.Int32 BlazorSkraApp1.Data.QuestionsFormAssignments::get_FormId()
DA:10,60
FN:10,System.Int32 BlazorSkraApp1.Data.QuestionsFormAssignments::get_QuestionId()
FNDA:61,System.Int32 BlazorSkraApp1.Data.QuestionsFormAssignments::get_QuestionId()
DA:11,61
FN:11,System.Int32 BlazorSkraApp1.Data.QuestionsFormAssignments::get_QuestionOrderNum()
FNDA:36,System.Int32 BlazorSkraApp1.Data.QuestionsFormAssignments::get_QuestionOrderNum()
DA:12,36
FN:12,System.Int32 BlazorSkraApp1.Data.QuestionsFormAssignments::get_QuestionTypeOrderNum()
FNDA:0,System.Int32 BlazorSkraApp1.Data.QuestionsFormAssignments::get_QuestionTypeOrderNum()
DA:13,0
FN:14,BlazorSkraApp1.Data.FormsInfo BlazorSkraApp1.Data.QuestionsFormAssignments::get_FormsInfo()
FNDA:0,BlazorSkraApp1.Data.FormsInfo BlazorSkraApp1.Data.QuestionsFormAssignments::get_FormsInfo()
DA:15,0
FN:15,BlazorSkraApp1.Data.Questions BlazorSkraApp1.Data.QuestionsFormAssignments::get_Questions()
FNDA:0,BlazorSkraApp1.Data.Questions BlazorSkraApp1.Data.QuestionsFormAssignments::get_Questions()
DA:16,0
LF:6
LH:3
BRF:0
BRH:0
FNF:6
FNH:3
end_of_record
SF:/Users/thornystefansdottir/Desktop/Verkefni/BlazorSkraWebApp/BlazorSkraApp1/Data/QuestionTypes.cs
FN:11,System.Int32 BlazorSkraApp1.Data.QuestionTypes::get_QuestionTypeId()
FNDA:17,System.Int32 BlazorSkraApp1.Data.QuestionTypes::get_QuestionTypeId()
DA:12,17
FN:14,System.String BlazorSkraApp1.Data.QuestionTypes::get_QuestionTypeName()
FNDA:17,System.String BlazorSkraApp1.Data.QuestionTypes::get_QuestionTypeName()
DA:15,17
LF:2
LH:2
BRF:0
BRH:0
FNF:2
FNH:2
end_of_record
SF:/Users/thornystefansdottir/Desktop/Verkefni/BlazorSkraWebApp/BlazorSkraApp1/Data/Submissions.cs
FN:11,System.Int32 BlazorSkraApp1.Data.Submissions::get_QuestionOrderNum()
FNDA:34,System.Int32 BlazorSkraApp1.Data.Submissions::get_QuestionOrderNum()
DA:12,34
FN:13,System.Int32 BlazorSkraApp1.Data.Submissions::get_AnswerOrderNum()
FNDA:34,System.Int32 BlazorSkraApp1.Data.Submissions::get_AnswerOrderNum()
DA:14,34
FN:15,System.String BlazorSkraApp1.Data.Submissions::get_Answer()
FNDA:0,System.String BlazorSkraApp1.Data.Submissions::get_Answer()
DA:16,0
FN:17,System.Int32 BlazorSkraApp1.Data.Submissions::get_SubmissionId()
FNDA:91,System.Int32 BlazorSkraApp1.Data.Submissions::get_SubmissionId()
DA:18,91
FN:19,System.Int32 BlazorSkraApp1.Data.Submissions::get_FormId()
FNDA:34,System.Int32 BlazorSkraApp1.Data.Submissions::get_FormId()
DA:20,34
FN:21,System.Int32 BlazorSkraApp1.Data.Submissions::get_QuestionsQuestionId()
FNDA:0,System.Int32 BlazorSkraApp1.Data.Submissions::get_QuestionsQuestionId()
DA:22,0
FN:23,BlazorSkraApp1.Data.SubmissionsInfo BlazorSkraApp1.Data.Submissions::get_Submission()
FNDA:0,BlazorSkraApp1.Data.SubmissionsInfo BlazorSkraApp1.Data.Submissions::get_Submission()
DA:24,0
FN:25,BlazorSkraApp1.Data.FormsInfo BlazorSkraApp1.Data.Submissions::get_Form()
FNDA:0,BlazorSkraApp1.Data.FormsInfo BlazorSkraApp1.Data.Submissions::get_Form()
DA:26,0
LF:8
LH:4
BRF:0
BRH:0
FNF:8
FNH:4
end_of_record
SF:/Users/thornystefansdottir/Desktop/Verkefni/BlazorSkraWebApp/BlazorSkraApp1/Data/SubmissionsInfo.cs
FN:11,System.Int32 BlazorSkraApp1.Data.SubmissionsInfo::get_SubmissionId()
FNDA:28,System.Int32 BlazorSkraApp1.Data.SubmissionsInfo::get_SubmissionId()
DA:12,28
FN:13,System.DateTime BlazorSkraApp1.Data.SubmissionsInfo::get_SubmissionDate()
FNDA:0,System.DateTime BlazorSkraApp1.Data.SubmissionsInfo::get_SubmissionDate()
DA:14,0
FN:15,System.String BlazorSkraApp1.Data.SubmissionsInfo::get_UserId()
FNDA:0,System.String BlazorSkraApp1.Data.SubmissionsInfo::get_UserId()
DA:16,0
LF:3
LH:1
BRF:0
BRH:0
FNF:3
FNH:1
end_of_record
SF:/Users/thornystefansdottir/Desktop/Verkefni/BlazorSkraWebApp/BlazorSkraApp1/Areas/Identity/RevalidatingIdentityAuthenticationStateProvider.cs
FN:30,System.TimeSpan BlazorSkraApp1.Areas.Identity.RevalidatingIdentityAuthenticationStateProvider`1::get_RevalidationInterval()
FNDA:0,System.TimeSpan BlazorSkraApp1.Areas.Identity.RevalidatingIdentityAuthenticationStateProvider`1::get_RevalidationInterval()
DA:31,0
FN:24,System.Void BlazorSkraApp1.Areas.Identity.RevalidatingIdentityAuthenticationStateProvider`1::.ctor(Microsoft.Extensions.Logging.ILoggerFactory,Microsoft.Extensions.DependencyInjection.IServiceScopeFactory,Microsoft.Extensions.Options.IOptions`1<Microsoft.AspNetCore.Identity.IdentityOptions>)
FNDA:0,System.Void BlazorSkraApp1.Areas.Identity.RevalidatingIdentityAuthenticationStateProvider`1::.ctor(Microsoft.Extensions.Logging.ILoggerFactory,Microsoft.Extensions.DependencyInjection.IServiceScopeFactory,Microsoft.Extensions.Options.IOptions`1<Microsoft.AspNetCore.Identity.IdentityOptions>)
DA:25,0
DA:26,0
DA:27,0
DA:28,0
DA:29,0
FN:34,System.Void BlazorSkraApp1.Areas.Identity.RevalidatingIdentityAuthenticationStateProvider`1/<ValidateAuthenticationStateAsync>d__5::MoveNext()
FNDA:0,System.Void BlazorSkraApp1.Areas.Identity.RevalidatingIdentityAuthenticationStateProvider`1/<ValidateAuthenticationStateAsync>d__5::MoveNext()
DA:35,0
DA:37,0
DA:39,0
DA:40,0
DA:41,0
DA:44,0
DA:45,0
DA:46,0
DA:47,0
DA:48,0
DA:50,0
DA:51,0
DA:52,0
DA:53,0
DA:54,0
BRDA:35,14,0,0
BRDA:37,64,0,0
BRDA:37,64,1,0
BRDA:45,282,0,0
BRDA:47,314,0,0
BRDA:35,14,1,0
BRDA:47,314,1,0
BRDA:45,282,1,0
BRDA:53,428,0,0
BRDA:53,441,0,0
BRDA:53,441,1,0
BRDA:53,428,1,0
BRDA:53,470,1,0
BRDA:53,470,0,0
FN:56,System.Void BlazorSkraApp1.Areas.Identity.RevalidatingIdentityAuthenticationStateProvider`1/<ValidateSecurityStampAsync>d__6::MoveNext()
FNDA:0,System.Void BlazorSkraApp1.Areas.Identity.RevalidatingIdentityAuthenticationStateProvider`1/<ValidateSecurityStampAsync>d__6::MoveNext()
DA:57,0
DA:58,0
DA:59,0
DA:60,0
DA:61,0
DA:63,0
DA:64,0
DA:65,0
DA:68,0
DA:69,0
DA:70,0
DA:71,0
DA:73,0
BRDA:57,14,0,0
BRDA:59,180,0,0
BRDA:59,180,1,0
BRDA:63,208,0,0
BRDA:63,208,1,0
BRDA:57,14,1,0
LF:34
LH:0
BRF:20
BRH:0
FNF:4
FNH:0
end_of_record